#
# There is insufficient memory for the Java Runtime Environment to continue.
# Native memory allocation (malloc) failed to allocate 32744 bytes for Chunk::new
# Possible reasons:
#   The system is out of physical RAM or swap space
#   The process is running with CompressedOops enabled, and the Java Heap may be blocking the growth of the native heap
# Possible solutions:
#   Reduce memory load on the system
#   Increase physical memory or swap space
#   Check if swap backing store is full
#   Decrease Java heap size (-Xmx/-Xms)
#   Decrease number of Java threads
#   Decrease Java thread stack sizes (-Xss)
#   Set larger code cache with -XX:ReservedCodeCacheSize=
#   JVM is running with Unscaled Compressed Oops mode in which the Java heap is
#     placed in the first 4GB address space. The Java Heap base address is the
#     maximum limit for the native heap growth. Please use -XX:HeapBaseMinAddress
#     to set the Java Heap base and to place the Java Heap above 4GB virtual address.
# This output file may be truncated or incomplete.
#
#  Out of Memory Error (arena.cpp:184), pid=30788, tid=27572
#
# JRE version: Java(TM) SE Runtime Environment (19.0+36) (build 19+36-2238)
# Java VM: Java HotSpot(TM) 64-Bit Server VM (19+36-2238, mixed mode, sharing, tiered, compressed oops, compressed class ptrs, g1 gc, windows-amd64)
# No core dump will be written. Minidumps are not enabled by default on client versions of Windows
#

---------------  S U M M A R Y ------------

Command Line: -Dfile.encoding=UTF-8 -XX:+ShowCodeDetailsInExceptionMessages view.view1

Host: Intel(R) Core(TM) i5-3320M CPU @ 2.60GHz, 4 cores, 7G,  Windows 10 , 64 bit Build 19041 (10.0.19041.2913)
Time: Thu May 18 21:14:19 2023 Egypt Daylight Time elapsed time: 0.293023 seconds (0d 0h 0m 0s)

---------------  T H R E A D  ---------------

Current thread (0x000002a617357f90):  JavaThread "C1 CompilerThread0" daemon [_thread_in_native, id=27572, stack(0x000000e687800000,0x000000e687900000)]


Current CompileTask:
C1:    293  228       3       jdk.internal.org.objectweb.asm.Frame::execute (2305 bytes)

Stack: [0x000000e687800000,0x000000e687900000]
Native frames: (J=compiled Java code, j=interpreted, Vv=VM code, C=native code)
V  [jvm.dll+0x6ee8fa]
V  [jvm.dll+0x857a1e]
V  [jvm.dll+0x85940e]
V  [jvm.dll+0x859ac3]
V  [jvm.dll+0x28291f]
V  [jvm.dll+0xc9b5f]
V  [jvm.dll+0xc9ee5]
V  [jvm.dll+0x148c35]
V  [jvm.dll+0x1ae1d6]
V  [jvm.dll+0x1afbfd]
V  [jvm.dll+0x1af2aa]
V  [jvm.dll+0x176c8b]
V  [jvm.dll+0x160df8]
V  [jvm.dll+0x160f93]
V  [jvm.dll+0x161278]
V  [jvm.dll+0x1606d6]
V  [jvm.dll+0x1623cd]
V  [jvm.dll+0x25b0fa]
V  [jvm.dll+0x259588]
V  [jvm.dll+0x807928]
V  [jvm.dll+0x8015fa]
V  [jvm.dll+0x6ed5eb]
C  [ucrtbase.dll+0x21bb2]
C  [KERNEL32.DLL+0x17614]
C  [ntdll.dll+0x526a1]


---------------  P R O C E S S  ---------------

Threads class SMR info:
_java_thread_list=0x000002a61b5a8f10, length=12, elements={
0x000002a679528820, 0x000002a61733d630, 0x000002a61733eb60, 0x000002a617341d90,
0x000002a6173422d0, 0x000002a617344fa0, 0x000002a617346210, 0x000002a617349630,
0x000002a617357f90, 0x000002a61b518050, 0x000002a61b5ccba0, 0x000002a61b5d3560
}

Java Threads: ( => current thread )
  0x000002a679528820 JavaThread "main" [_thread_in_vm, id=16404, stack(0x000000e686a00000,0x000000e686b00000)]
  0x000002a61733d630 JavaThread "Reference Handler" daemon [_thread_blocked, id=3036, stack(0x000000e687100000,0x000000e687200000)]
  0x000002a61733eb60 JavaThread "Finalizer" daemon [_thread_blocked, id=24924, stack(0x000000e687200000,0x000000e687300000)]
  0x000002a617341d90 JavaThread "Signal Dispatcher" daemon [_thread_blocked, id=28172, stack(0x000000e687300000,0x000000e687400000)]
  0x000002a6173422d0 JavaThread "Attach Listener" daemon [_thread_blocked, id=10044, stack(0x000000e687400000,0x000000e687500000)]
  0x000002a617344fa0 JavaThread "Service Thread" daemon [_thread_blocked, id=6560, stack(0x000000e687500000,0x000000e687600000)]
  0x000002a617346210 JavaThread "Monitor Deflation Thread" daemon [_thread_blocked, id=25760, stack(0x000000e687600000,0x000000e687700000)]
  0x000002a617349630 JavaThread "C2 CompilerThread0" daemon [_thread_blocked, id=10904, stack(0x000000e687700000,0x000000e687800000)]
=>0x000002a617357f90 JavaThread "C1 CompilerThread0" daemon [_thread_in_native, id=27572, stack(0x000000e687800000,0x000000e687900000)]
  0x000002a61b518050 JavaThread "Sweeper thread" daemon [_thread_blocked, id=11380, stack(0x000000e687900000,0x000000e687a00000)]
  0x000002a61b5ccba0 JavaThread "Notification Thread" daemon [_thread_blocked, id=14468, stack(0x000000e687a00000,0x000000e687b00000)]
  0x000002a61b5d3560 JavaThread "Common-Cleaner" daemon [_thread_blocked, id=4692, stack(0x000000e687c00000,0x000000e687d00000)]

Other Threads:
  0x000002a61731fc40 VMThread "VM Thread" [stack: 0x000000e687000000,0x000000e687100000] [id=28828]
  0x000002a61b5d3100 WatcherThread "VM Periodic Task Thread" [stack: 0x000000e687b00000,0x000000e687c00000] [id=5980]
  0x000002a679588180 WorkerThread "GC Thread#0" [stack: 0x000000e686b00000,0x000000e686c00000] [id=29944]
  0x000002a6795986b0 ConcurrentGCThread "G1 Main Marker" [stack: 0x000000e686c00000,0x000000e686d00000] [id=16880]
  0x000002a679599930 WorkerThread "G1 Conc#0" [stack: 0x000000e686d00000,0x000000e686e00000] [id=6396]
  0x000002a6795f9af0 ConcurrentGCThread "G1 Refine#0" [stack: 0x000000e686e00000,0x000000e686f00000] [id=17300]
  0x000002a6171e28b0 ConcurrentGCThread "G1 Service" [stack: 0x000000e686f00000,0x000000e687000000] [id=27736]

Threads with active compile tasks:
C1 CompilerThread0      347  228       3       jdk.internal.org.objectweb.asm.Frame::execute (2305 bytes)

VM state: not at safepoint (normal execution)

VM Mutex/Monitor currently owned by a thread:  ([mutex/lock_event])
[0x000002a679523c20] Metaspace_lock - owner thread: 0x000002a679528820

Heap address: 0x0000000084a00000, size: 1974 MB, Compressed Oops mode: 32-bit

CDS archive(s) mapped at: [0x0000000800000000-0x0000000800c40000-0x0000000800c40000), size 12845056, SharedBaseAddress: 0x0000000800000000, ArchiveRelocationMode: 0.
Compressed class space mapped at: 0x0000000801000000-0x0000000841000000, reserved size: 1073741824
Narrow klass base: 0x0000000800000000, Narrow klass shift: 0, Narrow klass range: 0x100000000

GC Precious Log:
 CardTable entry size: 512
 Card Set container configuration: InlinePtr #cards 5 size 8 Array Of Cards #cards 12 size 40 Howl #buckets 4 coarsen threshold 1843 Howl Bitmap #cards 512 size 80 coarsen threshold 460 Card regions per heap region 1 cards per card region 2048
 CPUs: 4 total, 4 available
 Memory: 7889M
 Large Page Support: Disabled
 NUMA Support: Disabled
 Compressed Oops: Enabled (32-bit)
 Heap Region Size: 1M
 Heap Min Capacity: 8M
 Heap Initial Capacity: 124M
 Heap Max Capacity: 1974M
 Pre-touch: Disabled
 Parallel Workers: 4
 Concurrent Workers: 1
 Concurrent Refinement Workers: 4
 Periodic GC: Disabled

Heap:
 garbage-first heap   total 126976K, used 2048K [0x0000000084a00000, 0x0000000100000000)
  region size 1024K, 3 young (3072K), 0 survivors (0K)
 Metaspace       used 2453K, committed 2624K, reserved 1114112K
  class space    used 229K, committed 320K, reserved 1048576K

Heap Regions: E=young(eden), S=young(survivor), O=old, HS=humongous(starts), HC=humongous(continues), CS=collection set, F=free, OA=open archive, CA=closed archive, TAMS=top-at-mark-start (previous, next)
|   0|0x0000000084a00000, 0x0000000084a00000, 0x0000000084b00000|  0%| F|  |TAMS 0x0000000084a00000, 0x0000000084a00000| Untracked 
|   1|0x0000000084b00000, 0x0000000084b00000, 0x0000000084c00000|  0%| F|  |TAMS 0x0000000084b00000, 0x0000000084b00000| Untracked 
|   2|0x0000000084c00000, 0x0000000084c00000, 0x0000000084d00000|  0%| F|  |TAMS 0x0000000084c00000, 0x0000000084c00000| Untracked 
|   3|0x0000000084d00000, 0x0000000084d00000, 0x0000000084e00000|  0%| F|  |TAMS 0x0000000084d00000, 0x0000000084d00000| Untracked 
|   4|0x0000000084e00000, 0x0000000084e00000, 0x0000000084f00000|  0%| F|  |TAMS 0x0000000084e00000, 0x0000000084e00000| Untracked 
|   5|0x0000000084f00000, 0x0000000084f00000, 0x0000000085000000|  0%| F|  |TAMS 0x0000000084f00000, 0x0000000084f00000| Untracked 
|   6|0x0000000085000000, 0x0000000085000000, 0x0000000085100000|  0%| F|  |TAMS 0x0000000085000000, 0x0000000085000000| Untracked 
|   7|0x0000000085100000, 0x0000000085100000, 0x0000000085200000|  0%| F|  |TAMS 0x0000000085100000, 0x0000000085100000| Untracked 
|   8|0x0000000085200000, 0x0000000085200000, 0x0000000085300000|  0%| F|  |TAMS 0x0000000085200000, 0x0000000085200000| Untracked 
|   9|0x0000000085300000, 0x0000000085300000, 0x0000000085400000|  0%| F|  |TAMS 0x0000000085300000, 0x0000000085300000| Untracked 
|  10|0x0000000085400000, 0x0000000085400000, 0x0000000085500000|  0%| F|  |TAMS 0x0000000085400000, 0x0000000085400000| Untracked 
|  11|0x0000000085500000, 0x0000000085500000, 0x0000000085600000|  0%| F|  |TAMS 0x0000000085500000, 0x0000000085500000| Untracked 
|  12|0x0000000085600000, 0x0000000085600000, 0x0000000085700000|  0%| F|  |TAMS 0x0000000085600000, 0x0000000085600000| Untracked 
|  13|0x0000000085700000, 0x0000000085700000, 0x0000000085800000|  0%| F|  |TAMS 0x0000000085700000, 0x0000000085700000| Untracked 
|  14|0x0000000085800000, 0x0000000085800000, 0x0000000085900000|  0%| F|  |TAMS 0x0000000085800000, 0x0000000085800000| Untracked 
|  15|0x0000000085900000, 0x0000000085900000, 0x0000000085a00000|  0%| F|  |TAMS 0x0000000085900000, 0x0000000085900000| Untracked 
|  16|0x0000000085a00000, 0x0000000085a00000, 0x0000000085b00000|  0%| F|  |TAMS 0x0000000085a00000, 0x0000000085a00000| Untracked 
|  17|0x0000000085b00000, 0x0000000085b00000, 0x0000000085c00000|  0%| F|  |TAMS 0x0000000085b00000, 0x0000000085b00000| Untracked 
|  18|0x0000000085c00000, 0x0000000085c00000, 0x0000000085d00000|  0%| F|  |TAMS 0x0000000085c00000, 0x0000000085c00000| Untracked 
|  19|0x0000000085d00000, 0x0000000085d00000, 0x0000000085e00000|  0%| F|  |TAMS 0x0000000085d00000, 0x0000000085d00000| Untracked 
|  20|0x0000000085e00000, 0x0000000085e00000, 0x0000000085f00000|  0%| F|  |TAMS 0x0000000085e00000, 0x0000000085e00000| Untracked 
|  21|0x0000000085f00000, 0x0000000085f00000, 0x0000000086000000|  0%| F|  |TAMS 0x0000000085f00000, 0x0000000085f00000| Untracked 
|  22|0x0000000086000000, 0x0000000086000000, 0x0000000086100000|  0%| F|  |TAMS 0x0000000086000000, 0x0000000086000000| Untracked 
|  23|0x0000000086100000, 0x0000000086100000, 0x0000000086200000|  0%| F|  |TAMS 0x0000000086100000, 0x0000000086100000| Untracked 
|  24|0x0000000086200000, 0x0000000086200000, 0x0000000086300000|  0%| F|  |TAMS 0x0000000086200000, 0x0000000086200000| Untracked 
|  25|0x0000000086300000, 0x0000000086300000, 0x0000000086400000|  0%| F|  |TAMS 0x0000000086300000, 0x0000000086300000| Untracked 
|  26|0x0000000086400000, 0x0000000086400000, 0x0000000086500000|  0%| F|  |TAMS 0x0000000086400000, 0x0000000086400000| Untracked 
|  27|0x0000000086500000, 0x0000000086500000, 0x0000000086600000|  0%| F|  |TAMS 0x0000000086500000, 0x0000000086500000| Untracked 
|  28|0x0000000086600000, 0x0000000086600000, 0x0000000086700000|  0%| F|  |TAMS 0x0000000086600000, 0x0000000086600000| Untracked 
|  29|0x0000000086700000, 0x0000000086700000, 0x0000000086800000|  0%| F|  |TAMS 0x0000000086700000, 0x0000000086700000| Untracked 
|  30|0x0000000086800000, 0x0000000086800000, 0x0000000086900000|  0%| F|  |TAMS 0x0000000086800000, 0x0000000086800000| Untracked 
|  31|0x0000000086900000, 0x0000000086900000, 0x0000000086a00000|  0%| F|  |TAMS 0x0000000086900000, 0x0000000086900000| Untracked 
|  32|0x0000000086a00000, 0x0000000086a00000, 0x0000000086b00000|  0%| F|  |TAMS 0x0000000086a00000, 0x0000000086a00000| Untracked 
|  33|0x0000000086b00000, 0x0000000086b00000, 0x0000000086c00000|  0%| F|  |TAMS 0x0000000086b00000, 0x0000000086b00000| Untracked 
|  34|0x0000000086c00000, 0x0000000086c00000, 0x0000000086d00000|  0%| F|  |TAMS 0x0000000086c00000, 0x0000000086c00000| Untracked 
|  35|0x0000000086d00000, 0x0000000086d00000, 0x0000000086e00000|  0%| F|  |TAMS 0x0000000086d00000, 0x0000000086d00000| Untracked 
|  36|0x0000000086e00000, 0x0000000086e00000, 0x0000000086f00000|  0%| F|  |TAMS 0x0000000086e00000, 0x0000000086e00000| Untracked 
|  37|0x0000000086f00000, 0x0000000086f00000, 0x0000000087000000|  0%| F|  |TAMS 0x0000000086f00000, 0x0000000086f00000| Untracked 
|  38|0x0000000087000000, 0x0000000087000000, 0x0000000087100000|  0%| F|  |TAMS 0x0000000087000000, 0x0000000087000000| Untracked 
|  39|0x0000000087100000, 0x0000000087100000, 0x0000000087200000|  0%| F|  |TAMS 0x0000000087100000, 0x0000000087100000| Untracked 
|  40|0x0000000087200000, 0x0000000087200000, 0x0000000087300000|  0%| F|  |TAMS 0x0000000087200000, 0x0000000087200000| Untracked 
|  41|0x0000000087300000, 0x0000000087300000, 0x0000000087400000|  0%| F|  |TAMS 0x0000000087300000, 0x0000000087300000| Untracked 
|  42|0x0000000087400000, 0x0000000087400000, 0x0000000087500000|  0%| F|  |TAMS 0x0000000087400000, 0x0000000087400000| Untracked 
|  43|0x0000000087500000, 0x0000000087500000, 0x0000000087600000|  0%| F|  |TAMS 0x0000000087500000, 0x0000000087500000| Untracked 
|  44|0x0000000087600000, 0x0000000087600000, 0x0000000087700000|  0%| F|  |TAMS 0x0000000087600000, 0x0000000087600000| Untracked 
|  45|0x0000000087700000, 0x0000000087700000, 0x0000000087800000|  0%| F|  |TAMS 0x0000000087700000, 0x0000000087700000| Untracked 
|  46|0x0000000087800000, 0x0000000087800000, 0x0000000087900000|  0%| F|  |TAMS 0x0000000087800000, 0x0000000087800000| Untracked 
|  47|0x0000000087900000, 0x0000000087900000, 0x0000000087a00000|  0%| F|  |TAMS 0x0000000087900000, 0x0000000087900000| Untracked 
|  48|0x0000000087a00000, 0x0000000087a00000, 0x0000000087b00000|  0%| F|  |TAMS 0x0000000087a00000, 0x0000000087a00000| Untracked 
|  49|0x0000000087b00000, 0x0000000087b00000, 0x0000000087c00000|  0%| F|  |TAMS 0x0000000087b00000, 0x0000000087b00000| Untracked 
|  50|0x0000000087c00000, 0x0000000087c00000, 0x0000000087d00000|  0%| F|  |TAMS 0x0000000087c00000, 0x0000000087c00000| Untracked 
|  51|0x0000000087d00000, 0x0000000087d00000, 0x0000000087e00000|  0%| F|  |TAMS 0x0000000087d00000, 0x0000000087d00000| Untracked 
|  52|0x0000000087e00000, 0x0000000087e00000, 0x0000000087f00000|  0%| F|  |TAMS 0x0000000087e00000, 0x0000000087e00000| Untracked 
|  53|0x0000000087f00000, 0x0000000087f00000, 0x0000000088000000|  0%| F|  |TAMS 0x0000000087f00000, 0x0000000087f00000| Untracked 
|  54|0x0000000088000000, 0x0000000088000000, 0x0000000088100000|  0%| F|  |TAMS 0x0000000088000000, 0x0000000088000000| Untracked 
|  55|0x0000000088100000, 0x0000000088100000, 0x0000000088200000|  0%| F|  |TAMS 0x0000000088100000, 0x0000000088100000| Untracked 
|  56|0x0000000088200000, 0x0000000088200000, 0x0000000088300000|  0%| F|  |TAMS 0x0000000088200000, 0x0000000088200000| Untracked 
|  57|0x0000000088300000, 0x0000000088300000, 0x0000000088400000|  0%| F|  |TAMS 0x0000000088300000, 0x0000000088300000| Untracked 
|  58|0x0000000088400000, 0x0000000088400000, 0x0000000088500000|  0%| F|  |TAMS 0x0000000088400000, 0x0000000088400000| Untracked 
|  59|0x0000000088500000, 0x0000000088500000, 0x0000000088600000|  0%| F|  |TAMS 0x0000000088500000, 0x0000000088500000| Untracked 
|  60|0x0000000088600000, 0x0000000088600000, 0x0000000088700000|  0%| F|  |TAMS 0x0000000088600000, 0x0000000088600000| Untracked 
|  61|0x0000000088700000, 0x0000000088700000, 0x0000000088800000|  0%| F|  |TAMS 0x0000000088700000, 0x0000000088700000| Untracked 
|  62|0x0000000088800000, 0x0000000088800000, 0x0000000088900000|  0%| F|  |TAMS 0x0000000088800000, 0x0000000088800000| Untracked 
|  63|0x0000000088900000, 0x0000000088900000, 0x0000000088a00000|  0%| F|  |TAMS 0x0000000088900000, 0x0000000088900000| Untracked 
|  64|0x0000000088a00000, 0x0000000088a00000, 0x0000000088b00000|  0%| F|  |TAMS 0x0000000088a00000, 0x0000000088a00000| Untracked 
|  65|0x0000000088b00000, 0x0000000088b00000, 0x0000000088c00000|  0%| F|  |TAMS 0x0000000088b00000, 0x0000000088b00000| Untracked 
|  66|0x0000000088c00000, 0x0000000088c00000, 0x0000000088d00000|  0%| F|  |TAMS 0x0000000088c00000, 0x0000000088c00000| Untracked 
|  67|0x0000000088d00000, 0x0000000088d00000, 0x0000000088e00000|  0%| F|  |TAMS 0x0000000088d00000, 0x0000000088d00000| Untracked 
|  68|0x0000000088e00000, 0x0000000088e00000, 0x0000000088f00000|  0%| F|  |TAMS 0x0000000088e00000, 0x0000000088e00000| Untracked 
|  69|0x0000000088f00000, 0x0000000088f00000, 0x0000000089000000|  0%| F|  |TAMS 0x0000000088f00000, 0x0000000088f00000| Untracked 
|  70|0x0000000089000000, 0x0000000089000000, 0x0000000089100000|  0%| F|  |TAMS 0x0000000089000000, 0x0000000089000000| Untracked 
|  71|0x0000000089100000, 0x0000000089100000, 0x0000000089200000|  0%| F|  |TAMS 0x0000000089100000, 0x0000000089100000| Untracked 
|  72|0x0000000089200000, 0x0000000089200000, 0x0000000089300000|  0%| F|  |TAMS 0x0000000089200000, 0x0000000089200000| Untracked 
|  73|0x0000000089300000, 0x0000000089300000, 0x0000000089400000|  0%| F|  |TAMS 0x0000000089300000, 0x0000000089300000| Untracked 
|  74|0x0000000089400000, 0x0000000089400000, 0x0000000089500000|  0%| F|  |TAMS 0x0000000089400000, 0x0000000089400000| Untracked 
|  75|0x0000000089500000, 0x0000000089500000, 0x0000000089600000|  0%| F|  |TAMS 0x0000000089500000, 0x0000000089500000| Untracked 
|  76|0x0000000089600000, 0x0000000089600000, 0x0000000089700000|  0%| F|  |TAMS 0x0000000089600000, 0x0000000089600000| Untracked 
|  77|0x0000000089700000, 0x0000000089700000, 0x0000000089800000|  0%| F|  |TAMS 0x0000000089700000, 0x0000000089700000| Untracked 
|  78|0x0000000089800000, 0x0000000089800000, 0x0000000089900000|  0%| F|  |TAMS 0x0000000089800000, 0x0000000089800000| Untracked 
|  79|0x0000000089900000, 0x0000000089900000, 0x0000000089a00000|  0%| F|  |TAMS 0x0000000089900000, 0x0000000089900000| Untracked 
|  80|0x0000000089a00000, 0x0000000089a00000, 0x0000000089b00000|  0%| F|  |TAMS 0x0000000089a00000, 0x0000000089a00000| Untracked 
|  81|0x0000000089b00000, 0x0000000089b00000, 0x0000000089c00000|  0%| F|  |TAMS 0x0000000089b00000, 0x0000000089b00000| Untracked 
|  82|0x0000000089c00000, 0x0000000089c00000, 0x0000000089d00000|  0%| F|  |TAMS 0x0000000089c00000, 0x0000000089c00000| Untracked 
|  83|0x0000000089d00000, 0x0000000089d00000, 0x0000000089e00000|  0%| F|  |TAMS 0x0000000089d00000, 0x0000000089d00000| Untracked 
|  84|0x0000000089e00000, 0x0000000089e00000, 0x0000000089f00000|  0%| F|  |TAMS 0x0000000089e00000, 0x0000000089e00000| Untracked 
|  85|0x0000000089f00000, 0x0000000089f00000, 0x000000008a000000|  0%| F|  |TAMS 0x0000000089f00000, 0x0000000089f00000| Untracked 
|  86|0x000000008a000000, 0x000000008a000000, 0x000000008a100000|  0%| F|  |TAMS 0x000000008a000000, 0x000000008a000000| Untracked 
|  87|0x000000008a100000, 0x000000008a100000, 0x000000008a200000|  0%| F|  |TAMS 0x000000008a100000, 0x000000008a100000| Untracked 
|  88|0x000000008a200000, 0x000000008a200000, 0x000000008a300000|  0%| F|  |TAMS 0x000000008a200000, 0x000000008a200000| Untracked 
|  89|0x000000008a300000, 0x000000008a300000, 0x000000008a400000|  0%| F|  |TAMS 0x000000008a300000, 0x000000008a300000| Untracked 
|  90|0x000000008a400000, 0x000000008a400000, 0x000000008a500000|  0%| F|  |TAMS 0x000000008a400000, 0x000000008a400000| Untracked 
|  91|0x000000008a500000, 0x000000008a500000, 0x000000008a600000|  0%| F|  |TAMS 0x000000008a500000, 0x000000008a500000| Untracked 
|  92|0x000000008a600000, 0x000000008a600000, 0x000000008a700000|  0%| F|  |TAMS 0x000000008a600000, 0x000000008a600000| Untracked 
|  93|0x000000008a700000, 0x000000008a700000, 0x000000008a800000|  0%| F|  |TAMS 0x000000008a700000, 0x000000008a700000| Untracked 
|  94|0x000000008a800000, 0x000000008a800000, 0x000000008a900000|  0%| F|  |TAMS 0x000000008a800000, 0x000000008a800000| Untracked 
|  95|0x000000008a900000, 0x000000008a900000, 0x000000008aa00000|  0%| F|  |TAMS 0x000000008a900000, 0x000000008a900000| Untracked 
|  96|0x000000008aa00000, 0x000000008aa00000, 0x000000008ab00000|  0%| F|  |TAMS 0x000000008aa00000, 0x000000008aa00000| Untracked 
|  97|0x000000008ab00000, 0x000000008ab00000, 0x000000008ac00000|  0%| F|  |TAMS 0x000000008ab00000, 0x000000008ab00000| Untracked 
|  98|0x000000008ac00000, 0x000000008ac00000, 0x000000008ad00000|  0%| F|  |TAMS 0x000000008ac00000, 0x000000008ac00000| Untracked 
|  99|0x000000008ad00000, 0x000000008ad00000, 0x000000008ae00000|  0%| F|  |TAMS 0x000000008ad00000, 0x000000008ad00000| Untracked 
| 100|0x000000008ae00000, 0x000000008ae00000, 0x000000008af00000|  0%| F|  |TAMS 0x000000008ae00000, 0x000000008ae00000| Untracked 
| 101|0x000000008af00000, 0x000000008af00000, 0x000000008b000000|  0%| F|  |TAMS 0x000000008af00000, 0x000000008af00000| Untracked 
| 102|0x000000008b000000, 0x000000008b000000, 0x000000008b100000|  0%| F|  |TAMS 0x000000008b000000, 0x000000008b000000| Untracked 
| 103|0x000000008b100000, 0x000000008b100000, 0x000000008b200000|  0%| F|  |TAMS 0x000000008b100000, 0x000000008b100000| Untracked 
| 104|0x000000008b200000, 0x000000008b200000, 0x000000008b300000|  0%| F|  |TAMS 0x000000008b200000, 0x000000008b200000| Untracked 
| 105|0x000000008b300000, 0x000000008b300000, 0x000000008b400000|  0%| F|  |TAMS 0x000000008b300000, 0x000000008b300000| Untracked 
| 106|0x000000008b400000, 0x000000008b400000, 0x000000008b500000|  0%| F|  |TAMS 0x000000008b400000, 0x000000008b400000| Untracked 
| 107|0x000000008b500000, 0x000000008b500000, 0x000000008b600000|  0%| F|  |TAMS 0x000000008b500000, 0x000000008b500000| Untracked 
| 108|0x000000008b600000, 0x000000008b600000, 0x000000008b700000|  0%| F|  |TAMS 0x000000008b600000, 0x000000008b600000| Untracked 
| 109|0x000000008b700000, 0x000000008b700000, 0x000000008b800000|  0%| F|  |TAMS 0x000000008b700000, 0x000000008b700000| Untracked 
| 110|0x000000008b800000, 0x000000008b800000, 0x000000008b900000|  0%| F|  |TAMS 0x000000008b800000, 0x000000008b800000| Untracked 
| 111|0x000000008b900000, 0x000000008b900000, 0x000000008ba00000|  0%| F|  |TAMS 0x000000008b900000, 0x000000008b900000| Untracked 
| 112|0x000000008ba00000, 0x000000008ba00000, 0x000000008bb00000|  0%| F|  |TAMS 0x000000008ba00000, 0x000000008ba00000| Untracked 
| 113|0x000000008bb00000, 0x000000008bb00000, 0x000000008bc00000|  0%| F|  |TAMS 0x000000008bb00000, 0x000000008bb00000| Untracked 
| 114|0x000000008bc00000, 0x000000008bc00000, 0x000000008bd00000|  0%| F|  |TAMS 0x000000008bc00000, 0x000000008bc00000| Untracked 
| 115|0x000000008bd00000, 0x000000008bd00000, 0x000000008be00000|  0%| F|  |TAMS 0x000000008bd00000, 0x000000008bd00000| Untracked 
| 116|0x000000008be00000, 0x000000008be00000, 0x000000008bf00000|  0%| F|  |TAMS 0x000000008be00000, 0x000000008be00000| Untracked 
| 117|0x000000008bf00000, 0x000000008bf00000, 0x000000008c000000|  0%| F|  |TAMS 0x000000008bf00000, 0x000000008bf00000| Untracked 
| 118|0x000000008c000000, 0x000000008c000000, 0x000000008c100000|  0%| F|  |TAMS 0x000000008c000000, 0x000000008c000000| Untracked 
| 119|0x000000008c100000, 0x000000008c100000, 0x000000008c200000|  0%| F|  |TAMS 0x000000008c100000, 0x000000008c100000| Untracked 
| 120|0x000000008c200000, 0x000000008c200000, 0x000000008c300000|  0%| F|  |TAMS 0x000000008c200000, 0x000000008c200000| Untracked 
| 121|0x000000008c300000, 0x000000008c3c8340, 0x000000008c400000| 78%| E|  |TAMS 0x000000008c300000, 0x000000008c300000| Complete 
| 122|0x000000008c400000, 0x000000008c500000, 0x000000008c500000|100%| E|CS|TAMS 0x000000008c400000, 0x000000008c400000| Complete 
| 123|0x000000008c500000, 0x000000008c600000, 0x000000008c600000|100%| E|CS|TAMS 0x000000008c500000, 0x000000008c500000| Complete 

Card table byte_map: [0x000002a6799e0000,0x000002a679dc0000] _byte_map_base: 0x000002a6795bb000

Marking Bits (Prev, Next): (CMBitMap*) 0x000002a6795886c0, (CMBitMap*) 0x000002a679588700
 Prev Bits: [0x000002a67a1a0000, 0x000002a67c078000)
 Next Bits: [0x000002a67c080000, 0x000002a67df58000)

Polling page: 0x000002a6776d0000

Metaspace:

Usage:
  Non-class:      2.17 MB used.
      Class:    229.02 KB used.
       Both:      2.40 MB used.

Virtual space:
  Non-class space:       64.00 MB reserved,       2.25 MB (  4%) committed,  1 nodes.
      Class space:        1.00 GB reserved,     320.00 KB ( <1%) committed,  1 nodes.
             Both:        1.06 GB reserved,       2.56 MB ( <1%) committed. 

Chunk freelists:
   Non-Class:  3.93 MB
       Class:  3.71 MB
        Both:  7.64 MB

MaxMetaspaceSize: unlimited
CompressedClassSpaceSize: 1.00 GB
Initial GC threshold: 21.00 MB
Current GC threshold: 21.00 MB
CDS: on
MetaspaceReclaimPolicy: balanced
 - commit_granule_bytes: 65536.
 - commit_granule_words: 8192.
 - virtual_space_node_default_size: 8388608.
 - enlarge_chunks_in_place: 1.
 - new_chunks_are_fully_committed: 0.
 - uncommit_free_chunks: 1.
 - use_allocation_guard: 0.


Internal statistics:

num_allocs_failed_limit: 0.
num_arena_births: 70.
num_arena_deaths: 0.
num_vsnodes_births: 2.
num_vsnodes_deaths: 0.
num_space_committed: 41.
num_space_uncommitted: 0.
num_chunks_returned_to_freelist: 0.
num_chunks_taken_from_freelist: 71.
num_chunk_merges: 0.
num_chunk_splits: 51.
num_chunks_enlarged: 34.
num_inconsistent_stats: 0.

CodeHeap 'non-profiled nmethods': size=120000Kb used=90Kb max_used=90Kb free=119909Kb
 bounds [0x000002a60f960000, 0x000002a60fbd0000, 0x000002a616e90000]
CodeHeap 'profiled nmethods': size=120000Kb used=238Kb max_used=238Kb free=119761Kb
 bounds [0x000002a607e90000, 0x000002a608100000, 0x000002a60f3c0000]
CodeHeap 'non-nmethods': size=5760Kb used=1259Kb max_used=1259Kb free=4500Kb
 bounds [0x000002a60f3c0000, 0x000002a60f630000, 0x000002a60f960000]
 total_blobs=723 nmethods=250 adapters=384
 compilation: enabled
              stopped_count=0, restarted_count=0
 full_count=0

Compilation events (20 events):
Event: 0.254 Thread 0x000002a617357f90 nmethod 213 0x000002a607ec8490 code [0x000002a607ec87a0, 0x000002a607ec9798]
Event: 0.254 Thread 0x000002a617357f90  215       3       java.lang.invoke.LambdaForm::internArgument (85 bytes)
Event: 0.254 Thread 0x000002a617357f90 nmethod 215 0x000002a607ec9c90 code [0x000002a607ec9e60, 0x000002a607eca1c8]
Event: 0.254 Thread 0x000002a617357f90  216       3       java.lang.invoke.LambdaForm$BasicType::basicType (8 bytes)
Event: 0.254 Thread 0x000002a617357f90 nmethod 216 0x000002a607eca390 code [0x000002a607eca560, 0x000002a607eca798]
Event: 0.254 Thread 0x000002a617357f90  217       3       sun.invoke.util.Wrapper::basicTypeChar (18 bytes)
Event: 0.255 Thread 0x000002a617357f90 nmethod 217 0x000002a607eca890 code [0x000002a607ecaa40, 0x000002a607ecac28]
Event: 0.255 Thread 0x000002a617357f90  219       3       java.lang.invoke.MemberName::testAllFlags (7 bytes)
Event: 0.255 Thread 0x000002a617357f90 nmethod 219 0x000002a607ecad10 code [0x000002a607ecaec0, 0x000002a607ecb098]
Event: 0.255 Thread 0x000002a617357f90  222       1       java.lang.invoke.LambdaForm$Name::index (5 bytes)
Event: 0.255 Thread 0x000002a617357f90 nmethod 222 0x000002a60f971310 code [0x000002a60f9714a0, 0x000002a60f971558]
Event: 0.256 Thread 0x000002a617357f90  223       1       java.lang.invoke.LambdaForm$BasicType::basicTypeClass (5 bytes)
Event: 0.256 Thread 0x000002a617357f90 nmethod 223 0x000002a60f971610 code [0x000002a60f9717a0, 0x000002a60f971858]
Event: 0.256 Thread 0x000002a617357f90  224       3       java.lang.invoke.MemberName::isConstructor (8 bytes)
Event: 0.256 Thread 0x000002a617357f90 nmethod 224 0x000002a607ecb190 code [0x000002a607ecb340, 0x000002a607ecb578]
Event: 0.258 Thread 0x000002a617357f90  227       3       java.lang.invoke.MemberName::getReferenceKind (12 bytes)
Event: 0.258 Thread 0x000002a617357f90 nmethod 227 0x000002a607ecb690 code [0x000002a607ecb820, 0x000002a607ecb938]
Event: 0.258 Thread 0x000002a617357f90  228       3       jdk.internal.org.objectweb.asm.Frame::execute (2305 bytes)
Event: 0.258 Thread 0x000002a617349630  231       4       jdk.internal.org.objectweb.asm.SymbolTable::get (13 bytes)
Event: 0.259 Thread 0x000002a617349630 nmethod 231 0x000002a60f971f10 code [0x000002a60f9720a0, 0x000002a60f972178]

GC Heap History (0 events):
No events

Dll operation events (7 events):
Event: 0.018 Loaded shared library C:\Program Files\Java\jdk-19\bin\java.dll
Event: 0.047 Loaded shared library C:\Program Files\Java\jdk-19\bin\jsvml.dll
Event: 0.195 Loaded shared library C:\Program Files\Java\jdk-19\bin\jimage.dll
Event: 0.204 Loaded shared library C:\Program Files\Java\jdk-19\bin\net.dll
Event: 0.207 Loaded shared library C:\Program Files\Java\jdk-19\bin\nio.dll
Event: 0.213 Loaded shared library C:\Program Files\Java\jdk-19\bin\zip.dll
Event: 0.240 Loaded shared library C:\Program Files\Java\jdk-19\bin\awt.dll

Deoptimization events (0 events):
No events

Classes loaded (20 events):
Event: 0.231 Loading class sun/awt/resources/awt
Event: 0.232 Loading class sun/awt/resources/awt done
Event: 0.233 Loading class java/util/ResourceBundle$BundleReference
Event: 0.233 Loading class java/util/ResourceBundle$BundleReference done
Event: 0.233 Loading class sun/awt/resources/awt_en
Event: 0.233 Loading class sun/awt/resources/awt_en done
Event: 0.233 Loading class sun/awt/resources/awt_en
Event: 0.233 Loading class sun/awt/resources/awt_en done
Event: 0.236 Loading class sun/awt/resources/awt_en_US
Event: 0.236 Loading class sun/awt/resources/awt_en_US done
Event: 0.236 Loading class sun/awt/resources/awt_en_US
Event: 0.236 Loading class sun/awt/resources/awt_en_US done
Event: 0.237 Loading class java/awt/Toolkit$2
Event: 0.237 Loading class java/awt/Toolkit$2 done
Event: 0.240 Loading class java/awt/Toolkit$1
Event: 0.240 Loading class java/awt/Toolkit$1 done
Event: 0.259 Loading class java/io/FileNotFoundException
Event: 0.259 Loading class java/io/IOException
Event: 0.259 Loading class java/io/IOException done
Event: 0.259 Loading class java/io/FileNotFoundException done

Classes unloaded (0 events):
No events

Classes redefined (0 events):
No events

Internal exceptions (2 events):
Event: 0.224 Thread 0x000002a679528820 Exception <a 'java/lang/ClassNotFoundException'{0x000000008c4b6a38}: sun/awt/resources/spi/awtProvider> (0x000000008c4b6a38) 
thrown [s\open\src\hotspot\share\classfile\systemDictionary.cpp, line 255]
Event: 0.260 Thread 0x000002a679528820 Exception <a 'java/io/FileNotFoundException'{0x000000008c310230}> (0x000000008c310230) 
thrown [s\open\src\hotspot\share\prims\jni.cpp, line 517]

VM Operations (0 events):
No events

Events (12 events):
Event: 0.048 Thread 0x000002a679528820 Thread added: 0x000002a679528820
Event: 0.098 Thread 0x000002a61733d630 Thread added: 0x000002a61733d630
Event: 0.098 Thread 0x000002a61733eb60 Thread added: 0x000002a61733eb60
Event: 0.099 Thread 0x000002a617341d90 Thread added: 0x000002a617341d90
Event: 0.099 Thread 0x000002a6173422d0 Thread added: 0x000002a6173422d0
Event: 0.099 Thread 0x000002a617344fa0 Thread added: 0x000002a617344fa0
Event: 0.099 Thread 0x000002a617346210 Thread added: 0x000002a617346210
Event: 0.099 Thread 0x000002a617349630 Thread added: 0x000002a617349630
Event: 0.099 Thread 0x000002a617357f90 Thread added: 0x000002a617357f90
Event: 0.101 Thread 0x000002a61b518050 Thread added: 0x000002a61b518050
Event: 0.149 Thread 0x000002a61b5ccba0 Thread added: 0x000002a61b5ccba0
Event: 0.155 Thread 0x000002a61b5d3560 Thread added: 0x000002a61b5d3560


Dynamic libraries:
0x00007ff6ca220000 - 0x00007ff6ca230000 	C:\Program Files\Java\jdk-19\bin\javaw.exe
0x00007ffa57250000 - 0x00007ffa57448000 	C:\WINDOWS\SYSTEM32\ntdll.dll
0x00007ffa570a0000 - 0x00007ffa5715f000 	C:\WINDOWS\System32\KERNEL32.DLL
0x00007ffa549a0000 - 0x00007ffa54c96000 	C:\WINDOWS\System32\KERNELBASE.dll
0x00007ffa54ca0000 - 0x00007ffa54da0000 	C:\WINDOWS\System32\ucrtbase.dll
0x00007ffa40b50000 - 0x00007ffa40b68000 	C:\Program Files\Java\jdk-19\bin\jli.dll
0x00007ffa56f80000 - 0x00007ffa5702f000 	C:\WINDOWS\System32\ADVAPI32.dll
0x00007ffa560e0000 - 0x00007ffa5617e000 	C:\WINDOWS\System32\msvcrt.dll
0x00007ffa56330000 - 0x00007ffa563cc000 	C:\WINDOWS\System32\sechost.dll
0x00007ffa55fb0000 - 0x00007ffa560d6000 	C:\WINDOWS\System32\RPCRT4.dll
0x00007ffa564f0000 - 0x00007ffa5668d000 	C:\WINDOWS\System32\USER32.dll
0x00007ffa54e30000 - 0x00007ffa54e52000 	C:\WINDOWS\System32\win32u.dll
0x00007ffa56cd0000 - 0x00007ffa56cfc000 	C:\WINDOWS\System32\GDI32.dll
0x00007ffa54f00000 - 0x00007ffa55015000 	C:\WINDOWS\System32\gdi32full.dll
0x00007ffa54e60000 - 0x00007ffa54efd000 	C:\WINDOWS\System32\msvcp_win.dll
0x00007ffa30d30000 - 0x00007ffa30d4b000 	C:\Program Files\Java\jdk-19\bin\VCRUNTIME140.dll
0x00007ffa3f180000 - 0x00007ffa3f41a000 	C:\WINDOWS\WinSxS\amd64_microsoft.windows.common-controls_6595b64144ccf1df_6.0.19041.1110_none_60b5254171f9507e\COMCTL32.dll
0x00007ffa49cd0000 - 0x00007ffa49cda000 	C:\WINDOWS\SYSTEM32\VERSION.dll
0x00007ffa55f80000 - 0x00007ffa55fb0000 	C:\WINDOWS\System32\IMM32.DLL
0x00007ffa41e10000 - 0x00007ffa41e1c000 	C:\Program Files\Java\jdk-19\bin\vcruntime140_1.dll
0x00007ffa04500000 - 0x00007ffa0458e000 	C:\Program Files\Java\jdk-19\bin\msvcp140.dll
0x00007ffa194f0000 - 0x00007ffa1a1b0000 	C:\Program Files\Java\jdk-19\bin\server\jvm.dll
0x00007ffa3e9a0000 - 0x00007ffa3e9a9000 	C:\WINDOWS\SYSTEM32\WSOCK32.dll
0x00007ffa57030000 - 0x00007ffa5709b000 	C:\WINDOWS\System32\WS2_32.dll
0x00007ffa4fac0000 - 0x00007ffa4fae7000 	C:\WINDOWS\SYSTEM32\WINMM.dll
0x00007ffa52710000 - 0x00007ffa52722000 	C:\WINDOWS\SYSTEM32\kernel.appcore.dll
0x00007ffa49610000 - 0x00007ffa4961a000 	C:\Program Files\Java\jdk-19\bin\jimage.dll
0x00007ffa4e900000 - 0x00007ffa4eae4000 	C:\WINDOWS\SYSTEM32\DBGHELP.DLL
0x00007ffa4e740000 - 0x00007ffa4e774000 	C:\WINDOWS\SYSTEM32\dbgcore.DLL
0x00007ffa54da0000 - 0x00007ffa54e22000 	C:\WINDOWS\System32\bcryptPrimitives.dll
0x00007ffa41d00000 - 0x00007ffa41d26000 	C:\Program Files\Java\jdk-19\bin\java.dll
0x00007ffa3f650000 - 0x00007ffa3f727000 	C:\Program Files\Java\jdk-19\bin\jsvml.dll
0x00007ffa55830000 - 0x00007ffa55f74000 	C:\WINDOWS\System32\SHELL32.dll
0x00007ffa529f0000 - 0x00007ffa53183000 	C:\WINDOWS\SYSTEM32\windows.storage.dll
0x00007ffa56700000 - 0x00007ffa56a54000 	C:\WINDOWS\System32\combase.dll
0x00007ffa54390000 - 0x00007ffa543be000 	C:\WINDOWS\SYSTEM32\Wldp.dll
0x00007ffa56c20000 - 0x00007ffa56ccd000 	C:\WINDOWS\System32\SHCORE.dll
0x00007ffa566a0000 - 0x00007ffa566f5000 	C:\WINDOWS\System32\shlwapi.dll
0x00007ffa54870000 - 0x00007ffa5488f000 	C:\WINDOWS\SYSTEM32\profapi.dll
0x00007ffa419e0000 - 0x00007ffa419f3000 	C:\Program Files\Java\jdk-19\bin\net.dll
0x00007ffa4d610000 - 0x00007ffa4d71a000 	C:\WINDOWS\SYSTEM32\WINHTTP.dll
0x00007ffa540a0000 - 0x00007ffa5410a000 	C:\WINDOWS\system32\mswsock.dll
0x00007ffa415f0000 - 0x00007ffa41606000 	C:\Program Files\Java\jdk-19\bin\nio.dll
0x00007ffa41390000 - 0x00007ffa413a8000 	C:\Program Files\Java\jdk-19\bin\zip.dll
0x00007ff9f1730000 - 0x00007ff9f18c1000 	C:\Program Files\Java\jdk-19\bin\awt.dll
0x00007ffa56b40000 - 0x00007ffa56c0d000 	C:\WINDOWS\System32\OLEAUT32.dll
0x00007ffa52260000 - 0x00007ffa522f1000 	C:\WINDOWS\SYSTEM32\apphelp.dll
0x00007ffa526e0000 - 0x00007ffa5270f000 	C:\WINDOWS\system32\DWMAPI.DLL
0x00007ffa52420000 - 0x00007ffa524be000 	C:\WINDOWS\system32\uxtheme.dll

dbghelp: loaded successfully - version: 4.0.5 - missing functions: none
symbol engine: initialized successfully - sym options: 0x614 - pdb path: .;C:\Program Files\Java\jdk-19\bin;C:\WINDOWS\SYSTEM32;C:\WINDOWS\WinSxS\amd64_microsoft.windows.common-controls_6595b64144ccf1df_6.0.19041.1110_none_60b5254171f9507e;C:\Program Files\Java\jdk-19\bin\server

VM Arguments:
jvm_args: -Dfile.encoding=UTF-8 -XX:+ShowCodeDetailsInExceptionMessages 
java_command: view.view1
java_class_path (initial): C:\Users\Mickey\Desktop\TheLastOfUs\bin;C:\Users\Mickey\.p2\pool\plugins\org.junit_4.13.2.v20211018-1956.jar;C:\Users\Mickey\.p2\pool\plugins\org.hamcrest.core_1.3.0.v20180420-1519.jar
Launcher Type: SUN_STANDARD

[Global flags]
     intx CICompilerCount                          = 3                                         {product} {ergonomic}
     uint ConcGCThreads                            = 1                                         {product} {ergonomic}
     uint G1ConcRefinementThreads                  = 4                                         {product} {ergonomic}
   size_t G1HeapRegionSize                         = 1048576                                   {product} {ergonomic}
    uintx GCDrainStackTargetSize                   = 64                                        {product} {ergonomic}
   size_t InitialHeapSize                          = 130023424                                 {product} {ergonomic}
   size_t MarkStackSize                            = 4194304                                   {product} {ergonomic}
   size_t MaxHeapSize                              = 2069889024                                {product} {ergonomic}
   size_t MaxNewSize                               = 1241513984                                {product} {ergonomic}
   size_t MinHeapDeltaBytes                        = 1048576                                   {product} {ergonomic}
   size_t MinHeapSize                              = 8388608                                   {product} {ergonomic}
    uintx NonNMethodCodeHeapSize                   = 5832780                                {pd product} {ergonomic}
    uintx NonProfiledCodeHeapSize                  = 122912730                              {pd product} {ergonomic}
    uintx ProfiledCodeHeapSize                     = 122912730                              {pd product} {ergonomic}
    uintx ReservedCodeCacheSize                    = 251658240                              {pd product} {ergonomic}
     bool SegmentedCodeCache                       = true                                      {product} {ergonomic}
     bool ShowCodeDetailsInExceptionMessages       = true                                   {manageable} {command line}
   size_t SoftMaxHeapSize                          = 2069889024                             {manageable} {ergonomic}
     bool UseCompressedClassPointers               = true                           {product lp64_product} {ergonomic}
     bool UseCompressedOops                        = true                           {product lp64_product} {ergonomic}
     bool UseG1GC                                  = true                                      {product} {ergonomic}
     bool UseLargePagesIndividualAllocation        = false                                  {pd product} {ergonomic}

Logging:
Log output configuration:
 #0: stdout all=warning uptime,level,tags foldmultilines=false
 #1: stderr all=off uptime,level,tags foldmultilines=false

Environment Variables:
PATH=C:/Program Files/Java/jdk-19/bin/server;C:/Program Files/Java/jdk-19/bin;C:\Program Files\Common Files\Oracle\Java\javapath;C:\WINDOWS\system32;C:\WINDOWS;C:\WINDOWS\System32\Wbem;C:\WINDOWS\System32\WindowsPowerShell\v1.0\;C:\WINDOWS\System32\OpenSSH\;C:\Program Files\Java\jdk-19;C:\Users\Mickey\AppData\Local\Programs\Python\Python39\Scripts\;C:\Users\Mickey\AppData\Local\Programs\Python\Python39\;C:\Users\Mickey\AppData\Local\Microsoft\WindowsApps;;C:\Users\Mickey\AppData\Local\Programs\Microsoft VS Code\bin;C:\Program Files\JetBrains\PyCharm Community Edition 2020.3.5\bin;;C:\WINDOWS\system32;
USERNAME=Mickey
OS=Windows_NT
PROCESSOR_IDENTIFIER=Intel64 Family 6 Model 58 Stepping 9, GenuineIntel
TMP=C:\Users\Mickey\AppData\Local\Temp
TEMP=C:\Users\Mickey\AppData\Local\Temp



---------------  S Y S T E M  ---------------

OS:
 Windows 10 , 64 bit Build 19041 (10.0.19041.2913)
OS uptime: 6 days 0:58 hours

CPU: total 4 (initial active 4) (2 cores per cpu, 2 threads per core) family 6 model 58 stepping 9 microcode 0x21, cx8, cmov, fxsr, ht, mmx, sse, sse2, sse3, ssse3, sse4.1, sse4.2, popcnt, tsc, tscinvbit, avx, aes, erms, clmul, vzeroupper, clflush, rdtscp

Memory: 4k page, system-wide physical 7889M (1218M free)
TotalPageFile size 32465M (AvailPageFile size 2M)
current process WorkingSet (physical memory assigned to process): 38M, peak: 38M
current process commit charge ("private bytes"): 202M, peak: 202M

vm_info: Java HotSpot(TM) 64-Bit Server VM (19+36-2238) for windows-amd64 JRE (19+36-2238), built on 2022-08-12T20:29:01Z by "mach5one" with MS VC++ 17.1 (VS2022)

END.
