#
# There is insufficient memory for the Java Runtime Environment to continue.
# Native memory allocation (mmap) failed to map 130023424 bytes for G1 virtual space
# Possible reasons:
#   The system is out of physical RAM or swap space
#   The process is running with CompressedOops enabled, and the Java Heap may be blocking the growth of the native heap
# Possible solutions:
#   Reduce memory load on the system
#   Increase physical memory or swap space
#   Check if swap backing store is full
#   Decrease Java heap size (-Xmx/-Xms)
#   Decrease number of Java threads
#   Decrease Java thread stack sizes (-Xss)
#   Set larger code cache with -XX:ReservedCodeCacheSize=
#   JVM is running with Unscaled Compressed Oops mode in which the Java heap is
#     placed in the first 4GB address space. The Java Heap base address is the
#     maximum limit for the native heap growth. Please use -XX:HeapBaseMinAddress
#     to set the Java Heap base and to place the Java Heap above 4GB virtual address.
# This output file may be truncated or incomplete.
#
#  Out of Memory Error (os_windows.cpp:3527), pid=9760, tid=2908
#
# JRE version:  (19.0+36) (build )
# Java VM: Java HotSpot(TM) 64-Bit Server VM (19+36-2238, mixed mode, sharing, tiered, compressed oops, compressed class ptrs, g1 gc, windows-amd64)
# No core dump will be written. Minidumps are not enabled by default on client versions of Windows
#

---------------  S U M M A R Y ------------

Command Line: -Dfile.encoding=UTF-8 -XX:+ShowCodeDetailsInExceptionMessages view.view2

Host: Intel(R) Core(TM) i5-3320M CPU @ 2.60GHz, 4 cores, 7G,  Windows 10 , 64 bit Build 19041 (10.0.19041.2913)
Time: Thu May 18 22:10:44 2023 Egypt Daylight Time elapsed time: 0.053854 seconds (0d 0h 0m 0s)

---------------  T H R E A D  ---------------

Current thread (0x00000160c8e5a5a0):  JavaThread "Unknown thread" [_thread_in_vm, id=2908, stack(0x0000000663b00000,0x0000000663c00000)]

Stack: [0x0000000663b00000,0x0000000663c00000]
Native frames: (J=compiled Java code, j=interpreted, Vv=VM code, C=native code)
V  [jvm.dll+0x6ee8fa]
V  [jvm.dll+0x857a1e]
V  [jvm.dll+0x85940e]
V  [jvm.dll+0x859ac3]
V  [jvm.dll+0x28291f]
V  [jvm.dll+0x6eb6e9]
V  [jvm.dll+0x6e028a]
V  [jvm.dll+0x357136]
V  [jvm.dll+0x35eb96]
V  [jvm.dll+0x3b555e]
V  [jvm.dll+0x3b578f]
V  [jvm.dll+0x32c6ea]
V  [jvm.dll+0x32d59e]
V  [jvm.dll+0x821b20]
V  [jvm.dll+0x3c27c1]
V  [jvm.dll+0x8022f1]
V  [jvm.dll+0x44b30f]
V  [jvm.dll+0x44cc91]
C  [jli.dll+0x5287]
C  [ucrtbase.dll+0x21bb2]
C  [KERNEL32.DLL+0x17614]
C  [ntdll.dll+0x526a1]


---------------  P R O C E S S  ---------------

Threads class SMR info:
_java_thread_list=0x00007ffa1a06d048, length=0, elements={
}

Java Threads: ( => current thread )

Other Threads:
  0x00000160c8eb9020 WorkerThread "GC Thread#0" [stack: 0x0000000663c00000,0x0000000663d00000] [id=28092]
  0x00000160c8ec9550 ConcurrentGCThread "G1 Main Marker" [stack: 0x0000000663d00000,0x0000000663e00000] [id=31376]
  0x00000160c8ec9e90 WorkerThread "G1 Conc#0" [stack: 0x0000000663e00000,0x0000000663f00000] [id=21240]

[error occurred during error reporting (printing all threads), id 0xc0000005, EXCEPTION_ACCESS_VIOLATION (0xc0000005) at pc=0x00007ffa1982d127]

VM state: not at safepoint (not fully initialized)

VM Mutex/Monitor currently owned by a thread:  ([mutex/lock_event])
[0x00000160c8e27350] Heap_lock - owner thread: 0x00000160c8e5a5a0

Heap address: 0x0000000084a00000, size: 1974 MB, Compressed Oops mode: 32-bit

CDS archive(s) mapped at: [0x0000000000000000-0x0000000000000000-0x0000000000000000), size 0, SharedBaseAddress: 0x0000000800000000, ArchiveRelocationMode: 0.
Narrow klass base: 0x0000000000000000, Narrow klass shift: 0, Narrow klass range: 0x0

GC Precious Log:
 CardTable entry size: 512
 Card Set container configuration: InlinePtr #cards 5 size 8 Array Of Cards #cards 12 size 40 Howl #buckets 4 coarsen threshold 1843 Howl Bitmap #cards 512 size 80 coarsen threshold 460 Card regions per heap region 1 cards per card region 2048

Heap:
 garbage-first heap   total 0K, used 0K [0x0000000084a00000, 0x0000000100000000)
  region size 1024K, 0 young (0K), 0 survivors (0K)

[error occurred during error reporting (printing heap information), id 0xc0000005, EXCEPTION_ACCESS_VIOLATION (0xc0000005) at pc=0x00007ffa19c36959]

GC Heap History (0 events):
No events

Dll operation events (1 events):
Event: 0.016 Loaded shared library C:\Program Files\Java\jdk-19\bin\java.dll

Deoptimization events (0 events):
No events

Classes loaded (0 events):
No events

Classes unloaded (0 events):
No events

Classes redefined (0 events):
No events

Internal exceptions (0 events):
No events

VM Operations (0 events):
No events

Events (0 events):
No events


Dynamic libraries:
0x00007ff6ca220000 - 0x00007ff6ca230000 	C:\Program Files\Java\jdk-19\bin\javaw.exe
0x00007ffa57250000 - 0x00007ffa57448000 	C:\WINDOWS\SYSTEM32\ntdll.dll
0x00007ffa570a0000 - 0x00007ffa5715f000 	C:\WINDOWS\System32\KERNEL32.DLL
0x00007ffa549a0000 - 0x00007ffa54c96000 	C:\WINDOWS\System32\KERNELBASE.dll
0x00007ffa54ca0000 - 0x00007ffa54da0000 	C:\WINDOWS\System32\ucrtbase.dll
0x00007ffa40b50000 - 0x00007ffa40b68000 	C:\Program Files\Java\jdk-19\bin\jli.dll
0x00007ffa56f80000 - 0x00007ffa5702f000 	C:\WINDOWS\System32\ADVAPI32.dll
0x00007ffa560e0000 - 0x00007ffa5617e000 	C:\WINDOWS\System32\msvcrt.dll
0x00007ffa56330000 - 0x00007ffa563cc000 	C:\WINDOWS\System32\sechost.dll
0x00007ffa55fb0000 - 0x00007ffa560d6000 	C:\WINDOWS\System32\RPCRT4.dll
0x00007ffa564f0000 - 0x00007ffa5668d000 	C:\WINDOWS\System32\USER32.dll
0x00007ffa54e30000 - 0x00007ffa54e52000 	C:\WINDOWS\System32\win32u.dll
0x00007ffa56cd0000 - 0x00007ffa56cfc000 	C:\WINDOWS\System32\GDI32.dll
0x00007ffa54f00000 - 0x00007ffa55015000 	C:\WINDOWS\System32\gdi32full.dll
0x00007ffa54e60000 - 0x00007ffa54efd000 	C:\WINDOWS\System32\msvcp_win.dll
0x00007ffa30d30000 - 0x00007ffa30d4b000 	C:\Program Files\Java\jdk-19\bin\VCRUNTIME140.dll
0x00007ffa3f180000 - 0x00007ffa3f41a000 	C:\WINDOWS\WinSxS\amd64_microsoft.windows.common-controls_6595b64144ccf1df_6.0.19041.1110_none_60b5254171f9507e\COMCTL32.dll
0x00007ffa49cd0000 - 0x00007ffa49cda000 	C:\WINDOWS\SYSTEM32\VERSION.dll
0x00007ffa55f80000 - 0x00007ffa55fb0000 	C:\WINDOWS\System32\IMM32.DLL
0x00007ffa41e10000 - 0x00007ffa41e1c000 	C:\Program Files\Java\jdk-19\bin\vcruntime140_1.dll
0x00007ffa04500000 - 0x00007ffa0458e000 	C:\Program Files\Java\jdk-19\bin\msvcp140.dll
0x00007ffa194f0000 - 0x00007ffa1a1b0000 	C:\Program Files\Java\jdk-19\bin\server\jvm.dll
0x00007ffa3e9a0000 - 0x00007ffa3e9a9000 	C:\WINDOWS\SYSTEM32\WSOCK32.dll
0x00007ffa57030000 - 0x00007ffa5709b000 	C:\WINDOWS\System32\WS2_32.dll
0x00007ffa4fac0000 - 0x00007ffa4fae7000 	C:\WINDOWS\SYSTEM32\WINMM.dll
0x00007ffa52710000 - 0x00007ffa52722000 	C:\WINDOWS\SYSTEM32\kernel.appcore.dll
0x00007ffa49610000 - 0x00007ffa4961a000 	C:\Program Files\Java\jdk-19\bin\jimage.dll
0x00007ffa4e900000 - 0x00007ffa4eae4000 	C:\WINDOWS\SYSTEM32\DBGHELP.DLL
0x00007ffa4e740000 - 0x00007ffa4e774000 	C:\WINDOWS\SYSTEM32\dbgcore.DLL
0x00007ffa54da0000 - 0x00007ffa54e22000 	C:\WINDOWS\System32\bcryptPrimitives.dll
0x00007ffa41d00000 - 0x00007ffa41d26000 	C:\Program Files\Java\jdk-19\bin\java.dll

dbghelp: loaded successfully - version: 4.0.5 - missing functions: none
symbol engine: initialized successfully - sym options: 0x614 - pdb path: .;C:\Program Files\Java\jdk-19\bin;C:\WINDOWS\SYSTEM32;C:\WINDOWS\WinSxS\amd64_microsoft.windows.common-controls_6595b64144ccf1df_6.0.19041.1110_none_60b5254171f9507e;C:\Program Files\Java\jdk-19\bin\server

VM Arguments:
jvm_args: -Dfile.encoding=UTF-8 -XX:+ShowCodeDetailsInExceptionMessages 
java_command: view.view2
java_class_path (initial): C:\Users\Mickey\Desktop\TheLastOfUs\bin;C:\Users\Mickey\.p2\pool\plugins\org.junit_4.13.2.v20211018-1956.jar;C:\Users\Mickey\.p2\pool\plugins\org.hamcrest.core_1.3.0.v20180420-1519.jar
Launcher Type: SUN_STANDARD

[Global flags]
     intx CICompilerCount                          = 3                                         {product} {ergonomic}
     uint ConcGCThreads                            = 1                                         {product} {ergonomic}
     uint G1ConcRefinementThreads                  = 4                                         {product} {ergonomic}
   size_t G1HeapRegionSize                         = 1048576                                   {product} {ergonomic}
    uintx GCDrainStackTargetSize                   = 64                                        {product} {ergonomic}
   size_t InitialHeapSize                          = 130023424                                 {product} {ergonomic}
   size_t MarkStackSize                            = 4194304                                   {product} {ergonomic}
   size_t MaxHeapSize                              = 2069889024                                {product} {ergonomic}
   size_t MinHeapDeltaBytes                        = 1048576                                   {product} {ergonomic}
   size_t MinHeapSize                              = 8388608                                   {product} {ergonomic}
    uintx NonNMethodCodeHeapSize                   = 5832780                                {pd product} {ergonomic}
    uintx NonProfiledCodeHeapSize                  = 122912730                              {pd product} {ergonomic}
    uintx ProfiledCodeHeapSize                     = 122912730                              {pd product} {ergonomic}
    uintx ReservedCodeCacheSize                    = 251658240                              {pd product} {ergonomic}
     bool SegmentedCodeCache                       = true                                      {product} {ergonomic}
     bool ShowCodeDetailsInExceptionMessages       = true                                   {manageable} {command line}
   size_t SoftMaxHeapSize                          = 2069889024                             {manageable} {ergonomic}
     bool UseCompressedClassPointers               = true                           {product lp64_product} {ergonomic}
     bool UseCompressedOops                        = true                           {product lp64_product} {ergonomic}
     bool UseG1GC                                  = true                                      {product} {ergonomic}
     bool UseLargePagesIndividualAllocation        = false                                  {pd product} {ergonomic}

Logging:
Log output configuration:
 #0: stdout all=warning uptime,level,tags foldmultilines=false
 #1: stderr all=off uptime,level,tags foldmultilines=false

Environment Variables:
PATH=C:/Program Files/Java/jdk-19/bin/server;C:/Program Files/Java/jdk-19/bin;C:\Program Files\Common Files\Oracle\Java\javapath;C:\WINDOWS\system32;C:\WINDOWS;C:\WINDOWS\System32\Wbem;C:\WINDOWS\System32\WindowsPowerShell\v1.0\;C:\WINDOWS\System32\OpenSSH\;C:\Program Files\Java\jdk-19;C:\Users\Mickey\AppData\Local\Programs\Python\Python39\Scripts\;C:\Users\Mickey\AppData\Local\Programs\Python\Python39\;C:\Users\Mickey\AppData\Local\Microsoft\WindowsApps;;C:\Users\Mickey\AppData\Local\Programs\Microsoft VS Code\bin;C:\Program Files\JetBrains\PyCharm Community Edition 2020.3.5\bin;;C:\WINDOWS\system32;
USERNAME=Mickey
OS=Windows_NT
PROCESSOR_IDENTIFIER=Intel64 Family 6 Model 58 Stepping 9, GenuineIntel
TMP=C:\Users\Mickey\AppData\Local\Temp
TEMP=C:\Users\Mickey\AppData\Local\Temp



---------------  S Y S T E M  ---------------

OS:
 Windows 10 , 64 bit Build 19041 (10.0.19041.2913)
OS uptime: 6 days 1:54 hours

CPU: total 4 (initial active 4) (2 cores per cpu, 2 threads per core) family 6 model 58 stepping 9 microcode 0x21, cx8, cmov, fxsr, ht, mmx, sse, sse2, sse3, ssse3, sse4.1, sse4.2, popcnt, tsc, tscinvbit, avx, aes, erms, clmul, vzeroupper, clflush, rdtscp

Memory: 4k page, system-wide physical 7889M (1880M free)
TotalPageFile size 32465M (AvailPageFile size 53M)
current process WorkingSet (physical memory assigned to process): 10M, peak: 10M
current process commit charge ("private bytes"): 52M, peak: 175M

vm_info: Java HotSpot(TM) 64-Bit Server VM (19+36-2238) for windows-amd64 JRE (19+36-2238), built on 2022-08-12T20:29:01Z by "mach5one" with MS VC++ 17.1 (VS2022)

END.
