#
# There is insufficient memory for the Java Runtime Environment to continue.
# Native memory allocation (malloc) failed to allocate 171264 bytes for Chunk::new
# Possible reasons:
#   The system is out of physical RAM or swap space
#   The process is running with CompressedOops enabled, and the Java Heap may be blocking the growth of the native heap
# Possible solutions:
#   Reduce memory load on the system
#   Increase physical memory or swap space
#   Check if swap backing store is full
#   Decrease Java heap size (-Xmx/-Xms)
#   Decrease number of Java threads
#   Decrease Java thread stack sizes (-Xss)
#   Set larger code cache with -XX:ReservedCodeCacheSize=
#   JVM is running with Unscaled Compressed Oops mode in which the Java heap is
#     placed in the first 4GB address space. The Java Heap base address is the
#     maximum limit for the native heap growth. Please use -XX:HeapBaseMinAddress
#     to set the Java Heap base and to place the Java Heap above 4GB virtual address.
# This output file may be truncated or incomplete.
#
#  Out of Memory Error (arena.cpp:184), pid=20680, tid=24772
#
# JRE version: Java(TM) SE Runtime Environment (19.0+36) (build 19+36-2238)
# Java VM: Java HotSpot(TM) 64-Bit Server VM (19+36-2238, mixed mode, sharing, tiered, compressed oops, compressed class ptrs, g1 gc, windows-amd64)
# No core dump will be written. Minidumps are not enabled by default on client versions of Windows
#

---------------  S U M M A R Y ------------

Command Line: -Dfile.encoding=UTF-8 -XX:+ShowCodeDetailsInExceptionMessages view.view1

Host: Intel(R) Core(TM) i5-3320M CPU @ 2.60GHz, 4 cores, 7G,  Windows 10 , 64 bit Build 19041 (10.0.19041.2913)
Time: Thu May 18 21:07:18 2023 Egypt Daylight Time elapsed time: 1.072838 seconds (0d 0h 0m 1s)

---------------  T H R E A D  ---------------

Current thread (0x0000012ee9f57d20):  JavaThread "C2 CompilerThread1" daemon [_thread_in_native, id=24772, stack(0x00000022ae800000,0x00000022ae900000)]


Current CompileTask:
C2:   1072 1028       4       java.util.HashMap::put (13 bytes)

Stack: [0x00000022ae800000,0x00000022ae900000]
Native frames: (J=compiled Java code, j=interpreted, Vv=VM code, C=native code)
V  [jvm.dll+0x6ee8fa]
V  [jvm.dll+0x857a1e]
V  [jvm.dll+0x85940e]
V  [jvm.dll+0x859ac3]
V  [jvm.dll+0x28291f]
V  [jvm.dll+0xc9b5f]
V  [jvm.dll+0xc9ee5]
V  [jvm.dll+0x3bcbac]
V  [jvm.dll+0x386201]
V  [jvm.dll+0x38567a]
V  [jvm.dll+0x24c2c9]
V  [jvm.dll+0x24b671]
V  [jvm.dll+0x1d6d61]
V  [jvm.dll+0x25b0fa]
V  [jvm.dll+0x259588]
V  [jvm.dll+0x807928]
V  [jvm.dll+0x8015fa]
V  [jvm.dll+0x6ed5eb]
C  [ucrtbase.dll+0x21bb2]
C  [KERNEL32.DLL+0x17614]
C  [ntdll.dll+0x526a1]


---------------  P R O C E S S  ---------------

Threads class SMR info:
_java_thread_list=0x0000012ee9e0bbf0, length=18, elements={
0x0000012ee4ece270, 0x0000012ee4ecf9c0, 0x0000012ee4ed2920, 0x0000012ee4ed3250,
0x0000012ee4ed3f90, 0x0000012ee4ed48c0, 0x0000012ee4ed5520, 0x0000012ee4f49ad0,
0x0000012ee4f4c800, 0x0000012ee91be870, 0x0000012ee91ca260, 0x0000012ee9412ef0,
0x0000012ee9418f20, 0x0000012ee941bf20, 0x0000012ee949a840, 0x0000012ee94e25e0,
0x0000012ec7158820, 0x0000012ee9f57d20
}

Java Threads: ( => current thread )
  0x0000012ee4ece270 JavaThread "Reference Handler" daemon [_thread_blocked, id=5968, stack(0x00000022ad300000,0x00000022ad400000)]
  0x0000012ee4ecf9c0 JavaThread "Finalizer" daemon [_thread_blocked, id=14944, stack(0x00000022ad400000,0x00000022ad500000)]
  0x0000012ee4ed2920 JavaThread "Signal Dispatcher" daemon [_thread_blocked, id=18536, stack(0x00000022ad500000,0x00000022ad600000)]
  0x0000012ee4ed3250 JavaThread "Attach Listener" daemon [_thread_blocked, id=13496, stack(0x00000022ad600000,0x00000022ad700000)]
  0x0000012ee4ed3f90 JavaThread "Service Thread" daemon [_thread_blocked, id=23684, stack(0x00000022ad700000,0x00000022ad800000)]
  0x0000012ee4ed48c0 JavaThread "Monitor Deflation Thread" daemon [_thread_blocked, id=29132, stack(0x00000022ad800000,0x00000022ad900000)]
  0x0000012ee4ed5520 JavaThread "C2 CompilerThread0" daemon [_thread_in_native, id=27772, stack(0x00000022ad900000,0x00000022ada00000)]
  0x0000012ee4f49ad0 JavaThread "C1 CompilerThread0" daemon [_thread_blocked, id=22592, stack(0x00000022ada00000,0x00000022adb00000)]
  0x0000012ee4f4c800 JavaThread "Sweeper thread" daemon [_thread_blocked, id=9824, stack(0x00000022adb00000,0x00000022adc00000)]
  0x0000012ee91be870 JavaThread "Notification Thread" daemon [_thread_blocked, id=29220, stack(0x00000022adc00000,0x00000022add00000)]
  0x0000012ee91ca260 JavaThread "Common-Cleaner" daemon [_thread_blocked, id=8116, stack(0x00000022ade00000,0x00000022adf00000)]
  0x0000012ee9412ef0 JavaThread "Java2D Disposer" daemon [_thread_blocked, id=14424, stack(0x00000022ae000000,0x00000022ae100000)]
  0x0000012ee9418f20 JavaThread "AWT-Shutdown" [_thread_blocked, id=9036, stack(0x00000022ae100000,0x00000022ae200000)]
  0x0000012ee941bf20 JavaThread "AWT-Windows" daemon [_thread_in_native, id=30644, stack(0x00000022ae200000,0x00000022ae300000)]
  0x0000012ee949a840 JavaThread "Image Fetcher 0" daemon [_thread_blocked, id=7968, stack(0x00000022ae300000,0x00000022ae400000)]
  0x0000012ee94e25e0 JavaThread "AWT-EventQueue-0" [_thread_in_native, id=27188, stack(0x00000022ae700000,0x00000022ae800000)]
  0x0000012ec7158820 JavaThread "DestroyJavaVM" [_thread_blocked, id=3256, stack(0x00000022acc00000,0x00000022acd00000)]
=>0x0000012ee9f57d20 JavaThread "C2 CompilerThread1" daemon [_thread_in_native, id=24772, stack(0x00000022ae800000,0x00000022ae900000)]

Other Threads:
  0x0000012ee4eb1d20 VMThread "VM Thread" [stack: 0x00000022ad200000,0x00000022ad300000] [id=24920]
  0x0000012ee91c95f0 WatcherThread "VM Periodic Task Thread" [stack: 0x00000022add00000,0x00000022ade00000] [id=31176]
  0x0000012ec71b8180 WorkerThread "GC Thread#0" [stack: 0x00000022acd00000,0x00000022ace00000] [id=27820]
  0x0000012ee94c3460 WorkerThread "GC Thread#1" [stack: 0x00000022ae400000,0x00000022ae500000] [id=4064]
  0x0000012ee94c3730 WorkerThread "GC Thread#2" [stack: 0x00000022ae500000,0x00000022ae600000] [id=31216]
  0x0000012ee94c3a00 WorkerThread "GC Thread#3" [stack: 0x00000022ae600000,0x00000022ae700000] [id=28260]
  0x0000012ec71c86b0 ConcurrentGCThread "G1 Main Marker" [stack: 0x00000022ace00000,0x00000022acf00000] [id=9732]
  0x0000012ec71c8ff0 WorkerThread "G1 Conc#0" [stack: 0x00000022acf00000,0x00000022ad000000] [id=7920]
  0x0000012ec7229af0 ConcurrentGCThread "G1 Refine#0" [stack: 0x00000022ad000000,0x00000022ad100000] [id=28808]
  0x0000012ee4d728b0 ConcurrentGCThread "G1 Service" [stack: 0x00000022ad100000,0x00000022ad200000] [id=23960]

Threads with active compile tasks:
C2 CompilerThread0     1165 1032   !   4       sun.font.TrueTypeFont::getTableBuffer (215 bytes)
C2 CompilerThread1     1165 1028       4       java.util.HashMap::put (13 bytes)

VM state: not at safepoint (normal execution)

VM Mutex/Monitor currently owned by a thread: None

Heap address: 0x0000000084a00000, size: 1974 MB, Compressed Oops mode: 32-bit

CDS archive(s) mapped at: [0x0000000800000000-0x0000000800c40000-0x0000000800c40000), size 12845056, SharedBaseAddress: 0x0000000800000000, ArchiveRelocationMode: 0.
Compressed class space mapped at: 0x0000000801000000-0x0000000841000000, reserved size: 1073741824
Narrow klass base: 0x0000000800000000, Narrow klass shift: 0, Narrow klass range: 0x100000000

GC Precious Log:
 CardTable entry size: 512
 Card Set container configuration: InlinePtr #cards 5 size 8 Array Of Cards #cards 12 size 40 Howl #buckets 4 coarsen threshold 1843 Howl Bitmap #cards 512 size 80 coarsen threshold 460 Card regions per heap region 1 cards per card region 2048
 CPUs: 4 total, 4 available
 Memory: 7889M
 Large Page Support: Disabled
 NUMA Support: Disabled
 Compressed Oops: Enabled (32-bit)
 Heap Region Size: 1M
 Heap Min Capacity: 8M
 Heap Initial Capacity: 124M
 Heap Max Capacity: 1974M
 Pre-touch: Disabled
 Parallel Workers: 4
 Concurrent Workers: 1
 Concurrent Refinement Workers: 4
 Periodic GC: Disabled

Heap:
 garbage-first heap   total 126976K, used 28072K [0x0000000084a00000, 0x0000000100000000)
  region size 1024K, 16 young (16384K), 2 survivors (2048K)
 Metaspace       used 6653K, committed 6912K, reserved 1114112K
  class space    used 692K, committed 832K, reserved 1048576K

Heap Regions: E=young(eden), S=young(survivor), O=old, HS=humongous(starts), HC=humongous(continues), CS=collection set, F=free, OA=open archive, CA=closed archive, TAMS=top-at-mark-start (previous, next)
|   0|0x0000000084a00000, 0x0000000084b00000, 0x0000000084b00000|100%|HS|  |TAMS 0x0000000084a00000, 0x0000000084a00000| Complete 
|   1|0x0000000084b00000, 0x0000000084c00000, 0x0000000084c00000|100%|HC|  |TAMS 0x0000000084b00000, 0x0000000084b00000| Complete 
|   2|0x0000000084c00000, 0x0000000084d00000, 0x0000000084d00000|100%|HC|  |TAMS 0x0000000084c00000, 0x0000000084c00000| Complete 
|   3|0x0000000084d00000, 0x0000000084e00000, 0x0000000084e00000|100%|HC|  |TAMS 0x0000000084d00000, 0x0000000084d00000| Complete 
|   4|0x0000000084e00000, 0x0000000084f00000, 0x0000000084f00000|100%|HC|  |TAMS 0x0000000084e00000, 0x0000000084e00000| Complete 
|   5|0x0000000084f00000, 0x0000000085000000, 0x0000000085000000|100%|HC|  |TAMS 0x0000000084f00000, 0x0000000084f00000| Complete 
|   6|0x0000000085000000, 0x0000000085100000, 0x0000000085100000|100%|HC|  |TAMS 0x0000000085000000, 0x0000000085000000| Complete 
|   7|0x0000000085100000, 0x0000000085200000, 0x0000000085200000|100%|HC|  |TAMS 0x0000000085100000, 0x0000000085100000| Complete 
|   8|0x0000000085200000, 0x0000000085300000, 0x0000000085300000|100%|HC|  |TAMS 0x0000000085200000, 0x0000000085200000| Complete 
|   9|0x0000000085300000, 0x0000000085400000, 0x0000000085400000|100%|HC|  |TAMS 0x0000000085300000, 0x0000000085300000| Complete 
|  10|0x0000000085400000, 0x0000000085500000, 0x0000000085500000|100%|HS|  |TAMS 0x0000000085400000, 0x0000000085400000| Complete 
|  11|0x0000000085500000, 0x0000000085600000, 0x0000000085600000|100%|HC|  |TAMS 0x0000000085500000, 0x0000000085500000| Complete 
|  12|0x0000000085600000, 0x0000000085700000, 0x0000000085700000|100%|HC|  |TAMS 0x0000000085600000, 0x0000000085600000| Complete 
|  13|0x0000000085700000, 0x0000000085700000, 0x0000000085800000|  0%| F|  |TAMS 0x0000000085700000, 0x0000000085700000| Untracked 
|  14|0x0000000085800000, 0x0000000085800000, 0x0000000085900000|  0%| F|  |TAMS 0x0000000085800000, 0x0000000085800000| Untracked 
|  15|0x0000000085900000, 0x0000000085900000, 0x0000000085a00000|  0%| F|  |TAMS 0x0000000085900000, 0x0000000085900000| Untracked 
|  16|0x0000000085a00000, 0x0000000085a00000, 0x0000000085b00000|  0%| F|  |TAMS 0x0000000085a00000, 0x0000000085a00000| Untracked 
|  17|0x0000000085b00000, 0x0000000085b00000, 0x0000000085c00000|  0%| F|  |TAMS 0x0000000085b00000, 0x0000000085b00000| Untracked 
|  18|0x0000000085c00000, 0x0000000085c00000, 0x0000000085d00000|  0%| F|  |TAMS 0x0000000085c00000, 0x0000000085c00000| Untracked 
|  19|0x0000000085d00000, 0x0000000085d00000, 0x0000000085e00000|  0%| F|  |TAMS 0x0000000085d00000, 0x0000000085d00000| Untracked 
|  20|0x0000000085e00000, 0x0000000085e00000, 0x0000000085f00000|  0%| F|  |TAMS 0x0000000085e00000, 0x0000000085e00000| Untracked 
|  21|0x0000000085f00000, 0x0000000085f00000, 0x0000000086000000|  0%| F|  |TAMS 0x0000000085f00000, 0x0000000085f00000| Untracked 
|  22|0x0000000086000000, 0x0000000086000000, 0x0000000086100000|  0%| F|  |TAMS 0x0000000086000000, 0x0000000086000000| Untracked 
|  23|0x0000000086100000, 0x0000000086100000, 0x0000000086200000|  0%| F|  |TAMS 0x0000000086100000, 0x0000000086100000| Untracked 
|  24|0x0000000086200000, 0x0000000086200000, 0x0000000086300000|  0%| F|  |TAMS 0x0000000086200000, 0x0000000086200000| Untracked 
|  25|0x0000000086300000, 0x0000000086300000, 0x0000000086400000|  0%| F|  |TAMS 0x0000000086300000, 0x0000000086300000| Untracked 
|  26|0x0000000086400000, 0x0000000086400000, 0x0000000086500000|  0%| F|  |TAMS 0x0000000086400000, 0x0000000086400000| Untracked 
|  27|0x0000000086500000, 0x0000000086500000, 0x0000000086600000|  0%| F|  |TAMS 0x0000000086500000, 0x0000000086500000| Untracked 
|  28|0x0000000086600000, 0x0000000086600000, 0x0000000086700000|  0%| F|  |TAMS 0x0000000086600000, 0x0000000086600000| Untracked 
|  29|0x0000000086700000, 0x0000000086700000, 0x0000000086800000|  0%| F|  |TAMS 0x0000000086700000, 0x0000000086700000| Untracked 
|  30|0x0000000086800000, 0x0000000086800000, 0x0000000086900000|  0%| F|  |TAMS 0x0000000086800000, 0x0000000086800000| Untracked 
|  31|0x0000000086900000, 0x0000000086900000, 0x0000000086a00000|  0%| F|  |TAMS 0x0000000086900000, 0x0000000086900000| Untracked 
|  32|0x0000000086a00000, 0x0000000086a00000, 0x0000000086b00000|  0%| F|  |TAMS 0x0000000086a00000, 0x0000000086a00000| Untracked 
|  33|0x0000000086b00000, 0x0000000086b00000, 0x0000000086c00000|  0%| F|  |TAMS 0x0000000086b00000, 0x0000000086b00000| Untracked 
|  34|0x0000000086c00000, 0x0000000086c00000, 0x0000000086d00000|  0%| F|  |TAMS 0x0000000086c00000, 0x0000000086c00000| Untracked 
|  35|0x0000000086d00000, 0x0000000086d00000, 0x0000000086e00000|  0%| F|  |TAMS 0x0000000086d00000, 0x0000000086d00000| Untracked 
|  36|0x0000000086e00000, 0x0000000086e00000, 0x0000000086f00000|  0%| F|  |TAMS 0x0000000086e00000, 0x0000000086e00000| Untracked 
|  37|0x0000000086f00000, 0x0000000086f00000, 0x0000000087000000|  0%| F|  |TAMS 0x0000000086f00000, 0x0000000086f00000| Untracked 
|  38|0x0000000087000000, 0x0000000087000000, 0x0000000087100000|  0%| F|  |TAMS 0x0000000087000000, 0x0000000087000000| Untracked 
|  39|0x0000000087100000, 0x0000000087100000, 0x0000000087200000|  0%| F|  |TAMS 0x0000000087100000, 0x0000000087100000| Untracked 
|  40|0x0000000087200000, 0x0000000087200000, 0x0000000087300000|  0%| F|  |TAMS 0x0000000087200000, 0x0000000087200000| Untracked 
|  41|0x0000000087300000, 0x0000000087300000, 0x0000000087400000|  0%| F|  |TAMS 0x0000000087300000, 0x0000000087300000| Untracked 
|  42|0x0000000087400000, 0x0000000087400000, 0x0000000087500000|  0%| F|  |TAMS 0x0000000087400000, 0x0000000087400000| Untracked 
|  43|0x0000000087500000, 0x0000000087500000, 0x0000000087600000|  0%| F|  |TAMS 0x0000000087500000, 0x0000000087500000| Untracked 
|  44|0x0000000087600000, 0x0000000087600000, 0x0000000087700000|  0%| F|  |TAMS 0x0000000087600000, 0x0000000087600000| Untracked 
|  45|0x0000000087700000, 0x0000000087700000, 0x0000000087800000|  0%| F|  |TAMS 0x0000000087700000, 0x0000000087700000| Untracked 
|  46|0x0000000087800000, 0x0000000087800000, 0x0000000087900000|  0%| F|  |TAMS 0x0000000087800000, 0x0000000087800000| Untracked 
|  47|0x0000000087900000, 0x0000000087900000, 0x0000000087a00000|  0%| F|  |TAMS 0x0000000087900000, 0x0000000087900000| Untracked 
|  48|0x0000000087a00000, 0x0000000087a00000, 0x0000000087b00000|  0%| F|  |TAMS 0x0000000087a00000, 0x0000000087a00000| Untracked 
|  49|0x0000000087b00000, 0x0000000087b00000, 0x0000000087c00000|  0%| F|  |TAMS 0x0000000087b00000, 0x0000000087b00000| Untracked 
|  50|0x0000000087c00000, 0x0000000087c00000, 0x0000000087d00000|  0%| F|  |TAMS 0x0000000087c00000, 0x0000000087c00000| Untracked 
|  51|0x0000000087d00000, 0x0000000087d00000, 0x0000000087e00000|  0%| F|  |TAMS 0x0000000087d00000, 0x0000000087d00000| Untracked 
|  52|0x0000000087e00000, 0x0000000087e00000, 0x0000000087f00000|  0%| F|  |TAMS 0x0000000087e00000, 0x0000000087e00000| Untracked 
|  53|0x0000000087f00000, 0x0000000087f00000, 0x0000000088000000|  0%| F|  |TAMS 0x0000000087f00000, 0x0000000087f00000| Untracked 
|  54|0x0000000088000000, 0x0000000088000000, 0x0000000088100000|  0%| F|  |TAMS 0x0000000088000000, 0x0000000088000000| Untracked 
|  55|0x0000000088100000, 0x0000000088100000, 0x0000000088200000|  0%| F|  |TAMS 0x0000000088100000, 0x0000000088100000| Untracked 
|  56|0x0000000088200000, 0x0000000088200000, 0x0000000088300000|  0%| F|  |TAMS 0x0000000088200000, 0x0000000088200000| Untracked 
|  57|0x0000000088300000, 0x0000000088300000, 0x0000000088400000|  0%| F|  |TAMS 0x0000000088300000, 0x0000000088300000| Untracked 
|  58|0x0000000088400000, 0x0000000088400000, 0x0000000088500000|  0%| F|  |TAMS 0x0000000088400000, 0x0000000088400000| Untracked 
|  59|0x0000000088500000, 0x0000000088500000, 0x0000000088600000|  0%| F|  |TAMS 0x0000000088500000, 0x0000000088500000| Untracked 
|  60|0x0000000088600000, 0x0000000088600000, 0x0000000088700000|  0%| F|  |TAMS 0x0000000088600000, 0x0000000088600000| Untracked 
|  61|0x0000000088700000, 0x0000000088700000, 0x0000000088800000|  0%| F|  |TAMS 0x0000000088700000, 0x0000000088700000| Untracked 
|  62|0x0000000088800000, 0x0000000088800000, 0x0000000088900000|  0%| F|  |TAMS 0x0000000088800000, 0x0000000088800000| Untracked 
|  63|0x0000000088900000, 0x0000000088900000, 0x0000000088a00000|  0%| F|  |TAMS 0x0000000088900000, 0x0000000088900000| Untracked 
|  64|0x0000000088a00000, 0x0000000088a00000, 0x0000000088b00000|  0%| F|  |TAMS 0x0000000088a00000, 0x0000000088a00000| Untracked 
|  65|0x0000000088b00000, 0x0000000088b00000, 0x0000000088c00000|  0%| F|  |TAMS 0x0000000088b00000, 0x0000000088b00000| Untracked 
|  66|0x0000000088c00000, 0x0000000088c00000, 0x0000000088d00000|  0%| F|  |TAMS 0x0000000088c00000, 0x0000000088c00000| Untracked 
|  67|0x0000000088d00000, 0x0000000088d00000, 0x0000000088e00000|  0%| F|  |TAMS 0x0000000088d00000, 0x0000000088d00000| Untracked 
|  68|0x0000000088e00000, 0x0000000088e00000, 0x0000000088f00000|  0%| F|  |TAMS 0x0000000088e00000, 0x0000000088e00000| Untracked 
|  69|0x0000000088f00000, 0x0000000088f00000, 0x0000000089000000|  0%| F|  |TAMS 0x0000000088f00000, 0x0000000088f00000| Untracked 
|  70|0x0000000089000000, 0x0000000089000000, 0x0000000089100000|  0%| F|  |TAMS 0x0000000089000000, 0x0000000089000000| Untracked 
|  71|0x0000000089100000, 0x0000000089100000, 0x0000000089200000|  0%| F|  |TAMS 0x0000000089100000, 0x0000000089100000| Untracked 
|  72|0x0000000089200000, 0x0000000089200000, 0x0000000089300000|  0%| F|  |TAMS 0x0000000089200000, 0x0000000089200000| Untracked 
|  73|0x0000000089300000, 0x0000000089300000, 0x0000000089400000|  0%| F|  |TAMS 0x0000000089300000, 0x0000000089300000| Untracked 
|  74|0x0000000089400000, 0x0000000089400000, 0x0000000089500000|  0%| F|  |TAMS 0x0000000089400000, 0x0000000089400000| Untracked 
|  75|0x0000000089500000, 0x0000000089500000, 0x0000000089600000|  0%| F|  |TAMS 0x0000000089500000, 0x0000000089500000| Untracked 
|  76|0x0000000089600000, 0x0000000089600000, 0x0000000089700000|  0%| F|  |TAMS 0x0000000089600000, 0x0000000089600000| Untracked 
|  77|0x0000000089700000, 0x0000000089700000, 0x0000000089800000|  0%| F|  |TAMS 0x0000000089700000, 0x0000000089700000| Untracked 
|  78|0x0000000089800000, 0x0000000089800000, 0x0000000089900000|  0%| F|  |TAMS 0x0000000089800000, 0x0000000089800000| Untracked 
|  79|0x0000000089900000, 0x0000000089900000, 0x0000000089a00000|  0%| F|  |TAMS 0x0000000089900000, 0x0000000089900000| Untracked 
|  80|0x0000000089a00000, 0x0000000089a00000, 0x0000000089b00000|  0%| F|  |TAMS 0x0000000089a00000, 0x0000000089a00000| Untracked 
|  81|0x0000000089b00000, 0x0000000089b00000, 0x0000000089c00000|  0%| F|  |TAMS 0x0000000089b00000, 0x0000000089b00000| Untracked 
|  82|0x0000000089c00000, 0x0000000089c00000, 0x0000000089d00000|  0%| F|  |TAMS 0x0000000089c00000, 0x0000000089c00000| Untracked 
|  83|0x0000000089d00000, 0x0000000089d00000, 0x0000000089e00000|  0%| F|  |TAMS 0x0000000089d00000, 0x0000000089d00000| Untracked 
|  84|0x0000000089e00000, 0x0000000089e00000, 0x0000000089f00000|  0%| F|  |TAMS 0x0000000089e00000, 0x0000000089e00000| Untracked 
|  85|0x0000000089f00000, 0x0000000089f00000, 0x000000008a000000|  0%| F|  |TAMS 0x0000000089f00000, 0x0000000089f00000| Untracked 
|  86|0x000000008a000000, 0x000000008a000000, 0x000000008a100000|  0%| F|  |TAMS 0x000000008a000000, 0x000000008a000000| Untracked 
|  87|0x000000008a100000, 0x000000008a100000, 0x000000008a200000|  0%| F|  |TAMS 0x000000008a100000, 0x000000008a100000| Untracked 
|  88|0x000000008a200000, 0x000000008a200000, 0x000000008a300000|  0%| F|  |TAMS 0x000000008a200000, 0x000000008a200000| Untracked 
|  89|0x000000008a300000, 0x000000008a300000, 0x000000008a400000|  0%| F|  |TAMS 0x000000008a300000, 0x000000008a300000| Untracked 
|  90|0x000000008a400000, 0x000000008a400000, 0x000000008a500000|  0%| F|  |TAMS 0x000000008a400000, 0x000000008a400000| Untracked 
|  91|0x000000008a500000, 0x000000008a500000, 0x000000008a600000|  0%| F|  |TAMS 0x000000008a500000, 0x000000008a500000| Untracked 
|  92|0x000000008a600000, 0x000000008a600000, 0x000000008a700000|  0%| F|  |TAMS 0x000000008a600000, 0x000000008a600000| Untracked 
|  93|0x000000008a700000, 0x000000008a700000, 0x000000008a800000|  0%| F|  |TAMS 0x000000008a700000, 0x000000008a700000| Untracked 
|  94|0x000000008a800000, 0x000000008a800000, 0x000000008a900000|  0%| F|  |TAMS 0x000000008a800000, 0x000000008a800000| Untracked 
|  95|0x000000008a900000, 0x000000008a900000, 0x000000008aa00000|  0%| F|  |TAMS 0x000000008a900000, 0x000000008a900000| Untracked 
|  96|0x000000008aa00000, 0x000000008aa00000, 0x000000008ab00000|  0%| F|  |TAMS 0x000000008aa00000, 0x000000008aa00000| Untracked 
|  97|0x000000008ab00000, 0x000000008ab00000, 0x000000008ac00000|  0%| F|  |TAMS 0x000000008ab00000, 0x000000008ab00000| Untracked 
|  98|0x000000008ac00000, 0x000000008ac00000, 0x000000008ad00000|  0%| F|  |TAMS 0x000000008ac00000, 0x000000008ac00000| Untracked 
|  99|0x000000008ad00000, 0x000000008ad00000, 0x000000008ae00000|  0%| F|  |TAMS 0x000000008ad00000, 0x000000008ad00000| Untracked 
| 100|0x000000008ae00000, 0x000000008ae00000, 0x000000008af00000|  0%| F|  |TAMS 0x000000008ae00000, 0x000000008ae00000| Untracked 
| 101|0x000000008af00000, 0x000000008af00000, 0x000000008b000000|  0%| F|  |TAMS 0x000000008af00000, 0x000000008af00000| Untracked 
| 102|0x000000008b000000, 0x000000008b000000, 0x000000008b100000|  0%| F|  |TAMS 0x000000008b000000, 0x000000008b000000| Untracked 
| 103|0x000000008b100000, 0x000000008b100000, 0x000000008b200000|  0%| F|  |TAMS 0x000000008b100000, 0x000000008b100000| Untracked 
| 104|0x000000008b200000, 0x000000008b200000, 0x000000008b300000|  0%| F|  |TAMS 0x000000008b200000, 0x000000008b200000| Untracked 
| 105|0x000000008b300000, 0x000000008b300000, 0x000000008b400000|  0%| F|  |TAMS 0x000000008b300000, 0x000000008b300000| Untracked 
| 106|0x000000008b400000, 0x000000008b400000, 0x000000008b500000|  0%| F|  |TAMS 0x000000008b400000, 0x000000008b400000| Untracked 
| 107|0x000000008b500000, 0x000000008b500000, 0x000000008b600000|  0%| F|  |TAMS 0x000000008b500000, 0x000000008b500000| Untracked 
| 108|0x000000008b600000, 0x000000008b6ce200, 0x000000008b700000| 80%| E|  |TAMS 0x000000008b600000, 0x000000008b600000| Complete 
| 109|0x000000008b700000, 0x000000008b76a010, 0x000000008b800000| 41%| S|CS|TAMS 0x000000008b700000, 0x000000008b700000| Complete 
| 110|0x000000008b800000, 0x000000008b900000, 0x000000008b900000|100%| S|CS|TAMS 0x000000008b800000, 0x000000008b800000| Complete 
| 111|0x000000008b900000, 0x000000008ba00000, 0x000000008ba00000|100%| E|CS|TAMS 0x000000008b900000, 0x000000008b900000| Complete 
| 112|0x000000008ba00000, 0x000000008bb00000, 0x000000008bb00000|100%| E|CS|TAMS 0x000000008ba00000, 0x000000008ba00000| Complete 
| 113|0x000000008bb00000, 0x000000008bc00000, 0x000000008bc00000|100%| E|CS|TAMS 0x000000008bb00000, 0x000000008bb00000| Complete 
| 114|0x000000008bc00000, 0x000000008bd00000, 0x000000008bd00000|100%| E|CS|TAMS 0x000000008bc00000, 0x000000008bc00000| Complete 
| 115|0x000000008bd00000, 0x000000008be00000, 0x000000008be00000|100%| E|CS|TAMS 0x000000008bd00000, 0x000000008bd00000| Complete 
| 116|0x000000008be00000, 0x000000008bf00000, 0x000000008bf00000|100%| E|CS|TAMS 0x000000008be00000, 0x000000008be00000| Complete 
| 117|0x000000008bf00000, 0x000000008c000000, 0x000000008c000000|100%| E|CS|TAMS 0x000000008bf00000, 0x000000008bf00000| Complete 
| 118|0x000000008c000000, 0x000000008c100000, 0x000000008c100000|100%| E|CS|TAMS 0x000000008c000000, 0x000000008c000000| Complete 
| 119|0x000000008c100000, 0x000000008c200000, 0x000000008c200000|100%| E|CS|TAMS 0x000000008c100000, 0x000000008c100000| Complete 
| 120|0x000000008c200000, 0x000000008c300000, 0x000000008c300000|100%| E|CS|TAMS 0x000000008c200000, 0x000000008c200000| Complete 
| 121|0x000000008c300000, 0x000000008c400000, 0x000000008c400000|100%| E|CS|TAMS 0x000000008c300000, 0x000000008c300000| Complete 
| 122|0x000000008c400000, 0x000000008c500000, 0x000000008c500000|100%| E|CS|TAMS 0x000000008c400000, 0x000000008c400000| Complete 
| 123|0x000000008c500000, 0x000000008c600000, 0x000000008c600000|100%| E|CS|TAMS 0x000000008c500000, 0x000000008c500000| Complete 

Card table byte_map: [0x0000012ede4a0000,0x0000012ede880000] _byte_map_base: 0x0000012ede07b000

Marking Bits (Prev, Next): (CMBitMap*) 0x0000012ec71b86c0, (CMBitMap*) 0x0000012ec71b8700
 Prev Bits: [0x0000012edec60000, 0x0000012ee0b38000)
 Next Bits: [0x0000012ee0b40000, 0x0000012ee2a18000)

Polling page: 0x0000012ec5140000

Metaspace:

Usage:
  Non-class:      5.84 MB used.
      Class:    696.74 KB used.
       Both:      6.52 MB used.

Virtual space:
  Non-class space:       64.00 MB reserved,       5.94 MB (  9%) committed,  1 nodes.
      Class space:        1.00 GB reserved,     832.00 KB ( <1%) committed,  1 nodes.
             Both:        1.06 GB reserved,       6.75 MB ( <1%) committed. 

Chunk freelists:
   Non-Class:  2.10 MB
       Class:  3.24 MB
        Both:  5.34 MB

MaxMetaspaceSize: unlimited
CompressedClassSpaceSize: 1.00 GB
Initial GC threshold: 21.00 MB
Current GC threshold: 21.00 MB
CDS: on
MetaspaceReclaimPolicy: balanced
 - commit_granule_bytes: 65536.
 - commit_granule_words: 8192.
 - virtual_space_node_default_size: 8388608.
 - enlarge_chunks_in_place: 1.
 - new_chunks_are_fully_committed: 0.
 - uncommit_free_chunks: 1.
 - use_allocation_guard: 0.


Internal statistics:

num_allocs_failed_limit: 0.
num_arena_births: 150.
num_arena_deaths: 0.
num_vsnodes_births: 2.
num_vsnodes_deaths: 0.
num_space_committed: 108.
num_space_uncommitted: 0.
num_chunks_returned_to_freelist: 0.
num_chunks_taken_from_freelist: 161.
num_chunk_merges: 0.
num_chunk_splits: 113.
num_chunks_enlarged: 74.
num_inconsistent_stats: 0.

CodeHeap 'non-profiled nmethods': size=120000Kb used=264Kb max_used=264Kb free=119736Kb
 bounds [0x0000012ed6b90000, 0x0000012ed6e00000, 0x0000012ede0c0000]
CodeHeap 'profiled nmethods': size=120000Kb used=1711Kb max_used=1711Kb free=118288Kb
 bounds [0x0000012ecf0c0000, 0x0000012ecf330000, 0x0000012ed65f0000]
CodeHeap 'non-nmethods': size=5760Kb used=1341Kb max_used=1357Kb free=4418Kb
 bounds [0x0000012ed65f0000, 0x0000012ed6860000, 0x0000012ed6b90000]
 total_blobs=1634 nmethods=1050 adapters=495
 compilation: enabled
              stopped_count=0, restarted_count=0
 full_count=0

Compilation events (20 events):
Event: 1.057 Thread 0x0000012ee4f49ad0 nmethod 1037 0x0000012ecf25fd10 code [0x0000012ecf260080, 0x0000012ecf261af8]
Event: 1.057 Thread 0x0000012ee4f49ad0 1038       3       java.lang.StringUTF16::hashCode (33 bytes)
Event: 1.057 Thread 0x0000012ee9f57d20 1033       4       java.nio.charset.CharsetDecoder::implReplaceWith (1 bytes)
Event: 1.057 Thread 0x0000012ee4f49ad0 nmethod 1038 0x0000012ecf262290 code [0x0000012ecf262440, 0x0000012ecf2625f8]
Event: 1.057 Thread 0x0000012ee4f49ad0 1042       3       java.lang.StringUTF16::toBytes (34 bytes)
Event: 1.058 Thread 0x0000012ee9f57d20 nmethod 1033 0x0000012ed6bd1090 code [0x0000012ed6bd1200, 0x0000012ed6bd1278]
Event: 1.058 Thread 0x0000012ee9f57d20 1039       4       java.nio.Buffer::remaining (20 bytes)
Event: 1.058 Thread 0x0000012ee4f49ad0 nmethod 1042 0x0000012ecf262710 code [0x0000012ecf2628c0, 0x0000012ecf262ae8]
Event: 1.058 Thread 0x0000012ee9f57d20 nmethod 1039 0x0000012ed6bd1390 code [0x0000012ed6bd1500, 0x0000012ed6bd1598]
Event: 1.058 Thread 0x0000012ee9f57d20 1041       4       java.nio.Buffer::hasRemaining (17 bytes)
Event: 1.058 Thread 0x0000012ee9f57d20 nmethod 1041 0x0000012ed6bd1690 code [0x0000012ed6bd1800, 0x0000012ed6bd1898]
Event: 1.058 Thread 0x0000012ee9f57d20 1040       4       sun.nio.cs.UnicodeDecoder::decode (24 bytes)
Event: 1.059 Thread 0x0000012ee9f57d20 nmethod 1040 0x0000012ed6bd1990 code [0x0000012ed6bd1b20, 0x0000012ed6bd1bd8]
Event: 1.059 Thread 0x0000012ee9f57d20 1034       4       java.lang.StringUTF16::getChar (60 bytes)
Event: 1.060 Thread 0x0000012ee9f57d20 nmethod 1034 0x0000012ed6bd1c90 code [0x0000012ed6bd1e20, 0x0000012ed6bd1ef8]
Event: 1.060 Thread 0x0000012ee9f57d20 1028       4       java.util.HashMap::put (13 bytes)
Event: 1.063 Thread 0x0000012ee4f49ad0 1043       3       java.util.HashMap::prepareArray (38 bytes)
Event: 1.064 Thread 0x0000012ee4f49ad0 nmethod 1043 0x0000012ecf262c90 code [0x0000012ecf262e80, 0x0000012ecf263498]
Event: 1.064 Thread 0x0000012ee4f49ad0 1044       3       java.util.HashSet::toArray (16 bytes)
Event: 1.064 Thread 0x0000012ee4f49ad0 nmethod 1044 0x0000012ecf263690 code [0x0000012ecf263840, 0x0000012ecf263a38]

GC Heap History (2 events):
Event: 0.459 GC heap before
{Heap before GC invocations=0 (full 0):
 garbage-first heap   total 126976K, used 23552K [0x0000000084a00000, 0x0000000100000000)
  region size 1024K, 13 young (13312K), 0 survivors (0K)
 Metaspace       used 4569K, committed 4736K, reserved 1114112K
  class space    used 478K, committed 576K, reserved 1048576K
}
Event: 0.462 GC heap after
{Heap after GC invocations=1 (full 0):
 garbage-first heap   total 126976K, used 11688K [0x0000000084a00000, 0x0000000100000000)
  region size 1024K, 2 young (2048K), 2 survivors (2048K)
 Metaspace       used 4569K, committed 4736K, reserved 1114112K
  class space    used 478K, committed 576K, reserved 1048576K
}

Dll operation events (10 events):
Event: 0.015 Loaded shared library C:\Program Files\Java\jdk-19\bin\java.dll
Event: 0.034 Loaded shared library C:\Program Files\Java\jdk-19\bin\jsvml.dll
Event: 0.144 Loaded shared library C:\Program Files\Java\jdk-19\bin\jimage.dll
Event: 0.153 Loaded shared library C:\Program Files\Java\jdk-19\bin\net.dll
Event: 0.155 Loaded shared library C:\Program Files\Java\jdk-19\bin\nio.dll
Event: 0.159 Loaded shared library C:\Program Files\Java\jdk-19\bin\zip.dll
Event: 0.181 Loaded shared library C:\Program Files\Java\jdk-19\bin\awt.dll
Event: 0.378 Loaded shared library C:\Program Files\Java\jdk-19\bin\javajpeg.dll
Event: 0.503 Loaded shared library C:\Program Files\Java\jdk-19\bin\freetype.dll
Event: 0.504 Loaded shared library C:\Program Files\Java\jdk-19\bin\fontmanager.dll

Deoptimization events (20 events):
Event: 0.691 Thread 0x0000012ee94e25e0 Uncommon trap: trap_request=0xffffffde fr.pc=0x0000012ed6bafb2c relative=0x000000000000018c
Event: 0.691 Thread 0x0000012ee94e25e0 Uncommon trap: reason=class_check action=maybe_recompile pc=0x0000012ed6bafb2c method=java.lang.String.equals(Ljava/lang/Object;)Z @ 8 c2
Event: 0.691 Thread 0x0000012ee94e25e0 DEOPT PACKING pc=0x0000012ed6bafb2c sp=0x00000022ae7fd470
Event: 0.691 Thread 0x0000012ee94e25e0 DEOPT UNPACKING pc=0x0000012ed6656da3 sp=0x00000022ae7fd418 mode 2
Event: 0.692 Thread 0x0000012ee94e25e0 Uncommon trap: trap_request=0xffffffde fr.pc=0x0000012ed6bafb2c relative=0x000000000000018c
Event: 0.692 Thread 0x0000012ee94e25e0 Uncommon trap: reason=class_check action=maybe_recompile pc=0x0000012ed6bafb2c method=java.lang.String.equals(Ljava/lang/Object;)Z @ 8 c2
Event: 0.692 Thread 0x0000012ee94e25e0 DEOPT PACKING pc=0x0000012ed6bafb2c sp=0x00000022ae7fd5c0
Event: 0.692 Thread 0x0000012ee94e25e0 DEOPT UNPACKING pc=0x0000012ed6656da3 sp=0x00000022ae7fd568 mode 2
Event: 0.730 Thread 0x0000012ee94e25e0 DEOPT PACKING pc=0x0000012ecf0dfa67 sp=0x00000022ae7fcd50
Event: 0.730 Thread 0x0000012ee94e25e0 DEOPT UNPACKING pc=0x0000012ed6657543 sp=0x00000022ae7fc170 mode 0
Event: 0.792 Thread 0x0000012ee94e25e0 DEOPT PACKING pc=0x0000012ecf0d7a51 sp=0x00000022ae7fcda0
Event: 0.792 Thread 0x0000012ee94e25e0 DEOPT UNPACKING pc=0x0000012ed6657543 sp=0x00000022ae7fc218 mode 0
Event: 1.029 Thread 0x0000012ee94e25e0 Uncommon trap: trap_request=0xffffff45 fr.pc=0x0000012ed6b9bac0 relative=0x00000000000000a0
Event: 1.029 Thread 0x0000012ee94e25e0 Uncommon trap: reason=unstable_if action=reinterpret pc=0x0000012ed6b9bac0 method=java.lang.String.hashCode()I @ 20 c2
Event: 1.029 Thread 0x0000012ee94e25e0 DEOPT PACKING pc=0x0000012ed6b9bac0 sp=0x00000022ae7fcf90
Event: 1.029 Thread 0x0000012ee94e25e0 DEOPT UNPACKING pc=0x0000012ed6656da3 sp=0x00000022ae7fcf20 mode 2
Event: 1.053 Thread 0x0000012ee94e25e0 Uncommon trap: trap_request=0xffffff45 fr.pc=0x0000012ed6bd0a18 relative=0x00000000000003d8
Event: 1.053 Thread 0x0000012ee94e25e0 Uncommon trap: reason=unstable_if action=reinterpret pc=0x0000012ed6bd0a18 method=java.lang.Character.isSurrogate(C)Z @ 3 c2
Event: 1.053 Thread 0x0000012ee94e25e0 DEOPT PACKING pc=0x0000012ed6bd0a18 sp=0x00000022ae7fcc60
Event: 1.053 Thread 0x0000012ee94e25e0 DEOPT UNPACKING pc=0x0000012ed6656da3 sp=0x00000022ae7fcb78 mode 2

Classes loaded (20 events):
Event: 0.659 Loading class java/security/PrivilegedActionException
Event: 0.659 Loading class java/security/PrivilegedActionException done
Event: 0.659 Loading class java/awt/FontFormatException
Event: 0.659 Loading class java/awt/FontFormatException done
Event: 0.672 Loading class sun/font/SunFontManager$3
Event: 0.672 Loading class sun/font/SunFontManager$3 done
Event: 0.692 Loading class java/awt/print/PrinterGraphics
Event: 0.692 Loading class java/awt/print/PrinterGraphics done
Event: 0.692 Loading class java/awt/PrintGraphics
Event: 0.692 Loading class java/awt/PrintGraphics done
Event: 0.692 Loading class sun/java2d/loops/FontInfo
Event: 0.692 Loading class sun/java2d/loops/FontInfo done
Event: 0.708 Loading class sun/font/SunFontManager$8
Event: 0.708 Loading class sun/font/SunFontManager$8 done
Event: 0.709 Loading class sun/font/SunFontManager$9
Event: 0.709 Loading class sun/font/SunFontManager$9 done
Event: 0.970 Loading class java/lang/foreign/MemorySegment
Event: 0.970 Loading class java/lang/foreign/Addressable
Event: 0.970 Loading class java/lang/foreign/Addressable done
Event: 0.970 Loading class java/lang/foreign/MemorySegment done

Classes unloaded (0 events):
No events

Classes redefined (0 events):
No events

Internal exceptions (20 events):
Event: 0.660 Thread 0x0000012ee94e25e0 Exception <a 'java/io/FileNotFoundException'{0x000000008c2707d8}> (0x000000008c2707d8) 
thrown [s\open\src\hotspot\share\prims\jni.cpp, line 517]
Event: 0.661 Thread 0x0000012ee94e25e0 Exception <a 'java/io/FileNotFoundException'{0x000000008c273870}> (0x000000008c273870) 
thrown [s\open\src\hotspot\share\prims\jni.cpp, line 517]
Event: 0.662 Thread 0x0000012ee94e25e0 Exception <a 'java/io/FileNotFoundException'{0x000000008c275538}> (0x000000008c275538) 
thrown [s\open\src\hotspot\share\prims\jni.cpp, line 517]
Event: 0.662 Thread 0x0000012ee94e25e0 Exception <a 'java/io/FileNotFoundException'{0x000000008c2771d0}> (0x000000008c2771d0) 
thrown [s\open\src\hotspot\share\prims\jni.cpp, line 517]
Event: 0.662 Thread 0x0000012ee94e25e0 Exception <a 'java/io/FileNotFoundException'{0x000000008c278e78}> (0x000000008c278e78) 
thrown [s\open\src\hotspot\share\prims\jni.cpp, line 517]
Event: 0.663 Thread 0x0000012ee94e25e0 Exception <a 'java/io/FileNotFoundException'{0x000000008c27ae18}> (0x000000008c27ae18) 
thrown [s\open\src\hotspot\share\prims\jni.cpp, line 517]
Event: 0.665 Thread 0x0000012ee94e25e0 Exception <a 'java/io/FileNotFoundException'{0x000000008c280c68}> (0x000000008c280c68) 
thrown [s\open\src\hotspot\share\prims\jni.cpp, line 517]
Event: 0.667 Thread 0x0000012ee94e25e0 Exception <a 'java/io/FileNotFoundException'{0x000000008c285038}> (0x000000008c285038) 
thrown [s\open\src\hotspot\share\prims\jni.cpp, line 517]
Event: 0.670 Thread 0x0000012ee94e25e0 Exception <a 'java/io/FileNotFoundException'{0x000000008c28c040}> (0x000000008c28c040) 
thrown [s\open\src\hotspot\share\prims\jni.cpp, line 517]
Event: 0.679 Thread 0x0000012ee94e25e0 Exception <a 'java/io/FileNotFoundException'{0x000000008c2a7dd8}> (0x000000008c2a7dd8) 
thrown [s\open\src\hotspot\share\prims\jni.cpp, line 517]
Event: 0.681 Thread 0x0000012ee94e25e0 Exception <a 'java/io/FileNotFoundException'{0x000000008c2ad6b8}> (0x000000008c2ad6b8) 
thrown [s\open\src\hotspot\share\prims\jni.cpp, line 517]
Event: 0.681 Thread 0x0000012ee94e25e0 Exception <a 'java/io/FileNotFoundException'{0x000000008c2af330}> (0x000000008c2af330) 
thrown [s\open\src\hotspot\share\prims\jni.cpp, line 517]
Event: 0.684 Thread 0x0000012ee94e25e0 Exception <a 'java/io/FileNotFoundException'{0x000000008c2b8b78}> (0x000000008c2b8b78) 
thrown [s\open\src\hotspot\share\prims\jni.cpp, line 517]
Event: 0.684 Thread 0x0000012ee94e25e0 Exception <a 'java/io/FileNotFoundException'{0x000000008c2bbb30}> (0x000000008c2bbb30) 
thrown [s\open\src\hotspot\share\prims\jni.cpp, line 517]
Event: 0.685 Thread 0x0000012ee94e25e0 Exception <a 'java/io/FileNotFoundException'{0x000000008c2bed20}> (0x000000008c2bed20) 
thrown [s\open\src\hotspot\share\prims\jni.cpp, line 517]
Event: 0.687 Thread 0x0000012ee94e25e0 Exception <a 'java/io/FileNotFoundException'{0x000000008c2c45c0}> (0x000000008c2c45c0) 
thrown [s\open\src\hotspot\share\prims\jni.cpp, line 517]
Event: 0.688 Thread 0x0000012ee94e25e0 Exception <a 'java/io/FileNotFoundException'{0x000000008c2c6288}> (0x000000008c2c6288) 
thrown [s\open\src\hotspot\share\prims\jni.cpp, line 517]
Event: 0.688 Thread 0x0000012ee94e25e0 Exception <a 'java/io/FileNotFoundException'{0x000000008c2c7f20}> (0x000000008c2c7f20) 
thrown [s\open\src\hotspot\share\prims\jni.cpp, line 517]
Event: 0.689 Thread 0x0000012ee94e25e0 Exception <a 'java/io/FileNotFoundException'{0x000000008c2ce078}> (0x000000008c2ce078) 
thrown [s\open\src\hotspot\share\prims\jni.cpp, line 517]
Event: 0.689 Thread 0x0000012ee94e25e0 Exception <a 'java/io/FileNotFoundException'{0x000000008c2cfd10}> (0x000000008c2cfd10) 
thrown [s\open\src\hotspot\share\prims\jni.cpp, line 517]

VM Operations (8 events):
Event: 0.216 Executing VM operation: HandshakeAllThreads
Event: 0.216 Executing VM operation: HandshakeAllThreads done
Event: 0.347 Executing VM operation: HandshakeAllThreads
Event: 0.347 Executing VM operation: HandshakeAllThreads done
Event: 0.362 Executing VM operation: HandshakeAllThreads
Event: 0.362 Executing VM operation: HandshakeAllThreads done
Event: 0.459 Executing VM operation: G1CollectForAllocation
Event: 0.462 Executing VM operation: G1CollectForAllocation done

Events (20 events):
Event: 0.034 Thread 0x0000012ec7158820 Thread added: 0x0000012ec7158820
Event: 0.064 Thread 0x0000012ee4ece270 Thread added: 0x0000012ee4ece270
Event: 0.065 Thread 0x0000012ee4ecf9c0 Thread added: 0x0000012ee4ecf9c0
Event: 0.066 Thread 0x0000012ee4ed2920 Thread added: 0x0000012ee4ed2920
Event: 0.066 Thread 0x0000012ee4ed3250 Thread added: 0x0000012ee4ed3250
Event: 0.066 Thread 0x0000012ee4ed3f90 Thread added: 0x0000012ee4ed3f90
Event: 0.066 Thread 0x0000012ee4ed48c0 Thread added: 0x0000012ee4ed48c0
Event: 0.066 Thread 0x0000012ee4ed5520 Thread added: 0x0000012ee4ed5520
Event: 0.074 Thread 0x0000012ee4f49ad0 Thread added: 0x0000012ee4f49ad0
Event: 0.074 Thread 0x0000012ee4f4c800 Thread added: 0x0000012ee4f4c800
Event: 0.114 Thread 0x0000012ee91be870 Thread added: 0x0000012ee91be870
Event: 0.119 Thread 0x0000012ee91ca260 Thread added: 0x0000012ee91ca260
Event: 0.257 Thread 0x0000012ee9412ef0 Thread added: 0x0000012ee9412ef0
Event: 0.258 Thread 0x0000012ee9418f20 Thread added: 0x0000012ee9418f20
Event: 0.260 Thread 0x0000012ee941bf20 Thread added: 0x0000012ee941bf20
Event: 0.372 Thread 0x0000012ee949a840 Thread added: 0x0000012ee949a840
Event: 0.480 Thread 0x0000012ee94e25e0 Thread added: 0x0000012ee94e25e0
Event: 0.587 Thread 0x0000012ec7158820 Thread exited: 0x0000012ec7158820
Event: 0.587 Thread 0x0000012ec7158820 Thread added: 0x0000012ec7158820
Event: 1.057 Thread 0x0000012ee9f57d20 Thread added: 0x0000012ee9f57d20


Dynamic libraries:
0x00007ff6ca220000 - 0x00007ff6ca230000 	C:\Program Files\Java\jdk-19\bin\javaw.exe
0x00007ffa57250000 - 0x00007ffa57448000 	C:\WINDOWS\SYSTEM32\ntdll.dll
0x00007ffa570a0000 - 0x00007ffa5715f000 	C:\WINDOWS\System32\KERNEL32.DLL
0x00007ffa549a0000 - 0x00007ffa54c96000 	C:\WINDOWS\System32\KERNELBASE.dll
0x00007ffa54ca0000 - 0x00007ffa54da0000 	C:\WINDOWS\System32\ucrtbase.dll
0x00007ffa40b50000 - 0x00007ffa40b68000 	C:\Program Files\Java\jdk-19\bin\jli.dll
0x00007ffa56f80000 - 0x00007ffa5702f000 	C:\WINDOWS\System32\ADVAPI32.dll
0x00007ffa560e0000 - 0x00007ffa5617e000 	C:\WINDOWS\System32\msvcrt.dll
0x00007ffa56330000 - 0x00007ffa563cc000 	C:\WINDOWS\System32\sechost.dll
0x00007ffa55fb0000 - 0x00007ffa560d6000 	C:\WINDOWS\System32\RPCRT4.dll
0x00007ffa564f0000 - 0x00007ffa5668d000 	C:\WINDOWS\System32\USER32.dll
0x00007ffa54e30000 - 0x00007ffa54e52000 	C:\WINDOWS\System32\win32u.dll
0x00007ffa56cd0000 - 0x00007ffa56cfc000 	C:\WINDOWS\System32\GDI32.dll
0x00007ffa54f00000 - 0x00007ffa55015000 	C:\WINDOWS\System32\gdi32full.dll
0x00007ffa54e60000 - 0x00007ffa54efd000 	C:\WINDOWS\System32\msvcp_win.dll
0x00007ffa30d30000 - 0x00007ffa30d4b000 	C:\Program Files\Java\jdk-19\bin\VCRUNTIME140.dll
0x00007ffa3f180000 - 0x00007ffa3f41a000 	C:\WINDOWS\WinSxS\amd64_microsoft.windows.common-controls_6595b64144ccf1df_6.0.19041.1110_none_60b5254171f9507e\COMCTL32.dll
0x00007ffa49cd0000 - 0x00007ffa49cda000 	C:\WINDOWS\SYSTEM32\VERSION.dll
0x00007ffa55f80000 - 0x00007ffa55fb0000 	C:\WINDOWS\System32\IMM32.DLL
0x00007ffa41e10000 - 0x00007ffa41e1c000 	C:\Program Files\Java\jdk-19\bin\vcruntime140_1.dll
0x00007ffa04500000 - 0x00007ffa0458e000 	C:\Program Files\Java\jdk-19\bin\msvcp140.dll
0x00007ffa194f0000 - 0x00007ffa1a1b0000 	C:\Program Files\Java\jdk-19\bin\server\jvm.dll
0x00007ffa3e9a0000 - 0x00007ffa3e9a9000 	C:\WINDOWS\SYSTEM32\WSOCK32.dll
0x00007ffa57030000 - 0x00007ffa5709b000 	C:\WINDOWS\System32\WS2_32.dll
0x00007ffa4fac0000 - 0x00007ffa4fae7000 	C:\WINDOWS\SYSTEM32\WINMM.dll
0x00007ffa52710000 - 0x00007ffa52722000 	C:\WINDOWS\SYSTEM32\kernel.appcore.dll
0x00007ffa49610000 - 0x00007ffa4961a000 	C:\Program Files\Java\jdk-19\bin\jimage.dll
0x00007ffa4e900000 - 0x00007ffa4eae4000 	C:\WINDOWS\SYSTEM32\DBGHELP.DLL
0x00007ffa4e740000 - 0x00007ffa4e774000 	C:\WINDOWS\SYSTEM32\dbgcore.DLL
0x00007ffa54da0000 - 0x00007ffa54e22000 	C:\WINDOWS\System32\bcryptPrimitives.dll
0x00007ffa41d00000 - 0x00007ffa41d26000 	C:\Program Files\Java\jdk-19\bin\java.dll
0x00007ffa3f650000 - 0x00007ffa3f727000 	C:\Program Files\Java\jdk-19\bin\jsvml.dll
0x00007ffa55830000 - 0x00007ffa55f74000 	C:\WINDOWS\System32\SHELL32.dll
0x00007ffa529f0000 - 0x00007ffa53183000 	C:\WINDOWS\SYSTEM32\windows.storage.dll
0x00007ffa56700000 - 0x00007ffa56a54000 	C:\WINDOWS\System32\combase.dll
0x00007ffa54390000 - 0x00007ffa543be000 	C:\WINDOWS\SYSTEM32\Wldp.dll
0x00007ffa56c20000 - 0x00007ffa56ccd000 	C:\WINDOWS\System32\SHCORE.dll
0x00007ffa566a0000 - 0x00007ffa566f5000 	C:\WINDOWS\System32\shlwapi.dll
0x00007ffa54870000 - 0x00007ffa5488f000 	C:\WINDOWS\SYSTEM32\profapi.dll
0x00007ffa419e0000 - 0x00007ffa419f3000 	C:\Program Files\Java\jdk-19\bin\net.dll
0x00007ffa4d610000 - 0x00007ffa4d71a000 	C:\WINDOWS\SYSTEM32\WINHTTP.dll
0x00007ffa540a0000 - 0x00007ffa5410a000 	C:\WINDOWS\system32\mswsock.dll
0x00007ffa415f0000 - 0x00007ffa41606000 	C:\Program Files\Java\jdk-19\bin\nio.dll
0x00007ffa41390000 - 0x00007ffa413a8000 	C:\Program Files\Java\jdk-19\bin\zip.dll
0x00007ff9f1730000 - 0x00007ff9f18c1000 	C:\Program Files\Java\jdk-19\bin\awt.dll
0x00007ffa56b40000 - 0x00007ffa56c0d000 	C:\WINDOWS\System32\OLEAUT32.dll
0x00007ffa52260000 - 0x00007ffa522f1000 	C:\WINDOWS\SYSTEM32\apphelp.dll
0x00007ffa526e0000 - 0x00007ffa5270f000 	C:\WINDOWS\system32\DWMAPI.DLL
0x00007ffa52420000 - 0x00007ffa524be000 	C:\WINDOWS\system32\uxtheme.dll
0x00007ffa36d70000 - 0x00007ffa36e95000 	C:\WINDOWS\system32\opengl32.dll
0x00007ffa36b00000 - 0x00007ffa36b2c000 	C:\WINDOWS\SYSTEM32\GLU32.dll
0x00007ffa563d0000 - 0x00007ffa564e4000 	C:\WINDOWS\System32\MSCTF.dll
0x00007ffa56180000 - 0x00007ffa562aa000 	C:\WINDOWS\System32\ole32.dll
0x00007ffa4d2c0000 - 0x00007ffa4d2ee000 	C:\Program Files\Java\jdk-19\bin\javajpeg.dll
0x00007ff9f16a0000 - 0x00007ff9f1726000 	C:\Program Files\Java\jdk-19\bin\freetype.dll
0x00007ff9b6970000 - 0x00007ff9b6a19000 	C:\Program Files\Java\jdk-19\bin\fontmanager.dll
0x00007ffa4d870000 - 0x00007ffa4d96a000 	C:\WINDOWS\SYSTEM32\textinputframework.dll
0x00007ffa51eb0000 - 0x00007ffa5220e000 	C:\WINDOWS\System32\CoreUIComponents.dll
0x00007ffa51cb0000 - 0x00007ffa51da2000 	C:\WINDOWS\System32\CoreMessaging.dll
0x00007ffa53a50000 - 0x00007ffa53a83000 	C:\WINDOWS\SYSTEM32\ntmarta.dll
0x00007ffa51b30000 - 0x00007ffa51c84000 	C:\WINDOWS\SYSTEM32\wintypes.dll
0x00007ffa366f0000 - 0x00007ffa36756000 	C:\WINDOWS\system32\Oleacc.dll

dbghelp: loaded successfully - version: 4.0.5 - missing functions: none
symbol engine: initialized successfully - sym options: 0x614 - pdb path: .;C:\Program Files\Java\jdk-19\bin;C:\WINDOWS\SYSTEM32;C:\WINDOWS\WinSxS\amd64_microsoft.windows.common-controls_6595b64144ccf1df_6.0.19041.1110_none_60b5254171f9507e;C:\Program Files\Java\jdk-19\bin\server

VM Arguments:
jvm_args: -Dfile.encoding=UTF-8 -XX:+ShowCodeDetailsInExceptionMessages 
java_command: view.view1
java_class_path (initial): C:\Users\Mickey\Desktop\TheLastOfUs\bin;C:\Users\Mickey\.p2\pool\plugins\org.junit_4.13.2.v20211018-1956.jar;C:\Users\Mickey\.p2\pool\plugins\org.hamcrest.core_1.3.0.v20180420-1519.jar
Launcher Type: SUN_STANDARD

[Global flags]
     intx CICompilerCount                          = 3                                         {product} {ergonomic}
     uint ConcGCThreads                            = 1                                         {product} {ergonomic}
     uint G1ConcRefinementThreads                  = 4                                         {product} {ergonomic}
   size_t G1HeapRegionSize                         = 1048576                                   {product} {ergonomic}
    uintx GCDrainStackTargetSize                   = 64                                        {product} {ergonomic}
   size_t InitialHeapSize                          = 130023424                                 {product} {ergonomic}
   size_t MarkStackSize                            = 4194304                                   {product} {ergonomic}
   size_t MaxHeapSize                              = 2069889024                                {product} {ergonomic}
   size_t MaxNewSize                               = 1241513984                                {product} {ergonomic}
   size_t MinHeapDeltaBytes                        = 1048576                                   {product} {ergonomic}
   size_t MinHeapSize                              = 8388608                                   {product} {ergonomic}
    uintx NonNMethodCodeHeapSize                   = 5832780                                {pd product} {ergonomic}
    uintx NonProfiledCodeHeapSize                  = 122912730                              {pd product} {ergonomic}
    uintx ProfiledCodeHeapSize                     = 122912730                              {pd product} {ergonomic}
    uintx ReservedCodeCacheSize                    = 251658240                              {pd product} {ergonomic}
     bool SegmentedCodeCache                       = true                                      {product} {ergonomic}
     bool ShowCodeDetailsInExceptionMessages       = true                                   {manageable} {command line}
   size_t SoftMaxHeapSize                          = 2069889024                             {manageable} {ergonomic}
     bool UseCompressedClassPointers               = true                           {product lp64_product} {ergonomic}
     bool UseCompressedOops                        = true                           {product lp64_product} {ergonomic}
     bool UseG1GC                                  = true                                      {product} {ergonomic}
     bool UseLargePagesIndividualAllocation        = false                                  {pd product} {ergonomic}

Logging:
Log output configuration:
 #0: stdout all=warning uptime,level,tags foldmultilines=false
 #1: stderr all=off uptime,level,tags foldmultilines=false

Environment Variables:
PATH=C:/Program Files/Java/jdk-19/bin/server;C:/Program Files/Java/jdk-19/bin;C:\Program Files\Common Files\Oracle\Java\javapath;C:\WINDOWS\system32;C:\WINDOWS;C:\WINDOWS\System32\Wbem;C:\WINDOWS\System32\WindowsPowerShell\v1.0\;C:\WINDOWS\System32\OpenSSH\;C:\Program Files\Java\jdk-19;C:\Users\Mickey\AppData\Local\Programs\Python\Python39\Scripts\;C:\Users\Mickey\AppData\Local\Programs\Python\Python39\;C:\Users\Mickey\AppData\Local\Microsoft\WindowsApps;;C:\Users\Mickey\AppData\Local\Programs\Microsoft VS Code\bin;C:\Program Files\JetBrains\PyCharm Community Edition 2020.3.5\bin;;C:\WINDOWS\system32;
USERNAME=Mickey
OS=Windows_NT
PROCESSOR_IDENTIFIER=Intel64 Family 6 Model 58 Stepping 9, GenuineIntel
TMP=C:\Users\Mickey\AppData\Local\Temp
TEMP=C:\Users\Mickey\AppData\Local\Temp



---------------  S Y S T E M  ---------------

OS:
 Windows 10 , 64 bit Build 19041 (10.0.19041.2913)
OS uptime: 6 days 0:51 hours

CPU: total 4 (initial active 4) (2 cores per cpu, 2 threads per core) family 6 model 58 stepping 9 microcode 0x21, cx8, cmov, fxsr, ht, mmx, sse, sse2, sse3, ssse3, sse4.1, sse4.2, popcnt, tsc, tscinvbit, avx, aes, erms, clmul, vzeroupper, clflush, rdtscp

Memory: 4k page, system-wide physical 7889M (1175M free)
TotalPageFile size 32465M (AvailPageFile size 2M)
current process WorkingSet (physical memory assigned to process): 81M, peak: 81M
current process commit charge ("private bytes"): 214M, peak: 214M

vm_info: Java HotSpot(TM) 64-Bit Server VM (19+36-2238) for windows-amd64 JRE (19+36-2238), built on 2022-08-12T20:29:01Z by "mach5one" with MS VC++ 17.1 (VS2022)

END.
